[2015.12.07-02.40.55:677][  0]Log file open, 12/06/15 21:40:55
[2015.12.07-02.40.55:677][  0]LogInit:Display: Running engine for game: UnnamedRPG
[2015.12.07-02.40.55:677][  0]LogInit:Display: RandInit(-718124989) SRandInit(-718124988).
[2015.12.07-02.40.55:677][  0]LogTaskGraph: Started task graph with 4 named threads and 7 total threads.
[2015.12.07-02.40.55:677][  0]LogStats: Stats thread started at 0.087823
[2015.12.07-02.40.55:677][  0]LogInit: Version: 4.9.2-2707645+++depot+UE4-Releases+4.9
[2015.12.07-02.40.55:677][  0]LogInit: API Version: 2672455
[2015.12.07-02.40.55:677][  0]LogInit: Compiled (64-bit): Sep 28 2015 10:25:44
[2015.12.07-02.40.55:677][  0]LogInit: Compiled with Visual C++: 18.00.21005.01
[2015.12.07-02.40.55:677][  0]LogInit: Build Configuration: Development
[2015.12.07-02.40.55:677][  0]LogInit: Branch Name: ++depot+UE4-Releases+4.9
[2015.12.07-02.40.55:677][  0]LogInit: Command line:  
[2015.12.07-02.40.55:677][  0]LogInit: Base directory: C:/Program Files/Epic Games/4.9/Engine/Binaries/Win64/
[2015.12.07-02.40.55:677][  0]LogInit: Rocket: 1
[2015.12.07-02.40.55:687][  0]LogInit: Using libcurl 7.41.0
[2015.12.07-02.40.55:687][  0]LogInit:  - built for x86_64-pc-win32
[2015.12.07-02.40.55:687][  0]LogInit:  - supports SSL with WinSSL
[2015.12.07-02.40.55:687][  0]LogInit:  - other features:
[2015.12.07-02.40.55:687][  0]LogInit:      CURL_VERSION_SSL
[2015.12.07-02.40.55:687][  0]LogInit:      CURL_VERSION_IPV6
[2015.12.07-02.40.55:687][  0]LogInit:      CURL_VERSION_ASYNCHDNS
[2015.12.07-02.40.55:687][  0]LogInit:      CURL_VERSION_LARGEFILE
[2015.12.07-02.40.55:687][  0]LogInit:      CURL_VERSION_IDN
[2015.12.07-02.40.55:687][  0]LogInit:  CurlRequestOptions (configurable via config and command line):
[2015.12.07-02.40.55:687][  0]LogInit:  - bVerifyPeer = true  - Libcurl will verify peer certificate
[2015.12.07-02.40.55:687][  0]LogInit:  - bUseHttpProxy = false  - Libcurl will NOT use HTTP proxy
[2015.12.07-02.40.55:687][  0]LogInit:  - bDontReuseConnections = false  - Libcurl will reuse connections
[2015.12.07-02.40.55:687][  0]LogInit:  - CertBundlePath = nullptr  - Libcurl will use whatever was configured at build time.
[2015.12.07-02.40.55:697][  0]LogInit: Presizing for 0 objects not considered by GC, pre-allocating 0 bytes.
[2015.12.07-02.40.55:705][  0]LogInit: Object subsystem initialized
[2015.12.07-02.40.55:706][  0]LogInit: Selected Device Profile: [Windows]
[2015.12.07-02.40.55:706][  0]LogInit: Applying CVar settings loaded from the selected device profile: [Windows]
[2015.12.07-02.40.55:716][  0]LogInit: Computer: MBONEZ
[2015.12.07-02.40.55:716][  0]LogInit: User: alademm
[2015.12.07-02.40.55:716][  0]LogInit: CPU Page size=4096, Cores=4
[2015.12.07-02.40.55:716][  0]LogInit: High frequency timer resolution =2.338344 MHz
[2015.12.07-02.40.55:716][  0]LogMemory: Memory total: Physical=11.9GB (12GB approx)
[2015.12.07-02.40.55:716][  0]LogMemory: Platform Memory Stats for Windows
[2015.12.07-02.40.55:716][  0]LogMemory: Process Physical Memory: 54.43 MB used, 54.43 MB peak
[2015.12.07-02.40.55:716][  0]LogMemory: Process Virtual Memory: 56.48 MB used, 56.48 MB peak
[2015.12.07-02.40.55:716][  0]LogMemory: Physical Memory: 3816.87 MB used, 12171.25 MB total
[2015.12.07-02.40.55:716][  0]LogMemory: Virtual Memory: 366.78 MB used, 134217728.00 MB total
[2015.12.07-02.40.55:809][  0]LogTextLocalizationManager: No specific translations for ('en-US') exist, so ('en') translations will be used.
[2015.12.07-02.40.56:617][  0]LogD3D11RHI: Found D3D11 adapter 0: NVIDIA GeForce GT 750M (Feature Level 11_0)
[2015.12.07-02.40.56:617][  0]LogD3D11RHI: Adapter has 4029MB of dedicated video memory, 0MB of dedicated system memory, and 6085MB of shared system memory, 1 output[s]
[2015.12.07-02.40.56:623][  0]LogD3D11RHI: Found D3D11 adapter 1: Intel(R) HD Graphics 4600 (Feature Level 11_0)
[2015.12.07-02.40.56:623][  0]LogD3D11RHI: Adapter has 112MB of dedicated video memory, 0MB of dedicated system memory, and 6085MB of shared system memory, 0 output[s]
[2015.12.07-02.40.56:624][  0]LogD3D11RHI: Found D3D11 adapter 2: Microsoft Basic Render Driver (Feature Level 11_0)
[2015.12.07-02.40.56:624][  0]LogD3D11RHI: Adapter has 0MB of dedicated video memory, 0MB of dedicated system memory, and 6085MB of shared system memory, 0 output[s]
[2015.12.07-02.40.56:624][  0]LogD3D11RHI: Chosen D3D11 Adapter Id = 0
[2015.12.07-02.40.56:628][  0]LogD3D11RHI: !Direct3DDevice
[2015.12.07-02.40.56:628][  0]LogRHI: Texture pool is 1361 MB (70% of 1945 MB)
[2015.12.07-02.40.56:639][  0]LogD3D11RHI: Async texture creation enabled
[2015.12.07-02.40.56:655][  0]LogShaderCompilers: Guid format shader working directory is 15 characters bigger than the processId version (../../../../../../work/tgame/unreal-rpg-game/UnnamedRPG/Intermediate/Shaders/WorkingDirectory/8288/).
[2015.12.07-02.40.56:655][  0]LogShaderCompilers: Cleaned the shader compiler working directory '../../../../../../work/tgame/unreal-rpg-game/UnnamedRPG/Intermediate/Shaders/tmp/235EFC4C4C206E12DD02B282646A2F0E/'.
[2015.12.07-02.40.56:655][  0]LogShaderCompilers:Display: Using Local Shader Compiler.
[2015.12.07-02.41.00:125][  0]LogTemp:Display: Loaded TP AllDesktopTargetPlatform
[2015.12.07-02.41.00:131][  0]LogTemp:Display: Loaded TP WindowsClientTargetPlatform
[2015.12.07-02.41.00:138][  0]LogTemp:Display: Loaded TP WindowsNoEditorTargetPlatform
[2015.12.07-02.41.00:144][  0]LogTemp:Display: Loaded TP WindowsServerTargetPlatform
[2015.12.07-02.41.00:150][  0]LogTemp:Display: Loaded TP WindowsTargetPlatform
[2015.12.07-02.41.00:154][  0]LogTemp:Display: Loaded TP AndroidTargetPlatform
[2015.12.07-02.41.00:158][  0]LogTemp:Display: Loaded TP Android_ASTCTargetPlatform
[2015.12.07-02.41.00:162][  0]LogTemp:Display: Loaded TP Android_ATCTargetPlatform
[2015.12.07-02.41.00:166][  0]LogTemp:Display: Loaded TP Android_DXTTargetPlatform
[2015.12.07-02.41.00:170][  0]LogTemp:Display: Loaded TP Android_ETC1TargetPlatform
[2015.12.07-02.41.00:173][  0]LogTemp:Display: Loaded TP Android_ETC2TargetPlatform
[2015.12.07-02.41.00:177][  0]LogTemp:Display: Loaded TP Android_PVRTCTargetPlatform
[2015.12.07-02.41.00:178][  0]LogTemp:Display: Loaded TP HTML5TargetPlatform
[2015.12.07-02.41.00:198][  0]LogTemp:Display: Loaded TP IOSTargetPlatform
[2015.12.07-02.41.00:201][  0]LogTemp:Display: Loaded TP LinuxNoEditorTargetPlatform
[2015.12.07-02.41.00:205][  0]LogTemp:Display: Loaded TP LinuxServerTargetPlatform
[2015.12.07-02.41.00:209][  0]LogTemp:Display: Loaded TP LinuxTargetPlatform
[2015.12.07-02.41.00:209][  0]LogTargetPlatformManager:Display: Building Assets For Windows
[2015.12.07-02.41.00:301][  0]LogDerivedDataCache:Display: Max Cache Size: 512 MB
[2015.12.07-02.41.00:870][  0]LogDerivedDataCache: Loaded boot cache 0.57s 47MB C:/Users/alademm/AppData/Local/UnrealEngine/4.9/DerivedDataCache/Boot.ddc.
[2015.12.07-02.41.00:870][  0]LogDerivedDataCache:Display: Loaded Boot cache: C:/Users/alademm/AppData/Local/UnrealEngine/4.9/DerivedDataCache/Boot.ddc
[2015.12.07-02.41.00:870][  0]LogDerivedDataCache: FDerivedDataBackendGraph:  Pak pak cache file ../../../../../../work/tgame/unreal-rpg-game/UnnamedRPG/DerivedDataCache/DDC.ddp not found, will not use a pak cache.
[2015.12.07-02.41.00:870][  0]LogDerivedDataCache: Unable to find inner node Pak for hierarchical cache Hierarchy.
[2015.12.07-02.41.00:870][  0]LogDerivedDataCache: FDerivedDataBackendGraph:  CompressedPak pak cache file ../../../../../../work/tgame/unreal-rpg-game/UnnamedRPG/DerivedDataCache/Compressed.ddp not found, will not use a pak cache.
[2015.12.07-02.41.00:870][  0]LogDerivedDataCache: Unable to find inner node CompressedPak for hierarchical cache Hierarchy.
[2015.12.07-02.41.00:999][  0]LogDerivedDataCache:Display: Pak cache opened for reading ../../../Engine/DerivedDataCache/Compressed.ddp.
[2015.12.07-02.41.01:011][  0]LogDerivedDataCache: Using Local data cache path C:/Users/alademm/AppData/Local/UnrealEngine/Common/DerivedDataCache: Writable
[2015.12.07-02.41.01:205][  0]LogInit: Selected Device Profile: [Windows]
[2015.12.07-02.41.01:207][  0]LogContentStreaming: Texture pool size is 0.000000MB
[2015.12.07-02.41.01:370][  0]LogMeshUtilities: No automatic mesh reduction module available
[2015.12.07-02.41.01:370][  0]LogMeshUtilities: No automatic mesh merging module available
[2015.12.07-02.41.01:668][  0]LogInit: WinSock: version 1.1 (2.2), MaxSocks=32767, MaxUdp=65467
[2015.12.07-02.41.05:295][  0]UdpMessaging: Initializing bridge on interface 0.0.0.0:0 to multicast group 230.0.0.1:6666.
[2015.12.07-02.41.05:364][  0]LogLinker:Warning: Asset '../../../../../../work/tgame/unreal-rpg-game/UnnamedRPG/Content/Mannequin/Animations/ThirdPerson_AnimBP.uasset' has been saved with empty engine version. The asset will be loaded but may be incompatible.
[2015.12.07-02.41.05:365][  0]LogLinker:Warning: Asset '../../../../../../work/tgame/unreal-rpg-game/UnnamedRPG/Content/Mannequin/Animations/ThirdPerson_Jump.uasset' has been saved with empty engine version. The asset will be loaded but may be incompatible.
[2015.12.07-02.41.05:367][  0]LogLinker:Warning: Asset '../../../../../../work/tgame/unreal-rpg-game/UnnamedRPG/Content/Mannequin/Animations/ThirdPersonJump_Loop.uasset' has been saved with empty engine version. The asset will be loaded but may be incompatible.
[2015.12.07-02.41.05:368][  0]LogLinker:Warning: Asset '../../../../../../work/tgame/unreal-rpg-game/UnnamedRPG/Content/Mannequin/Animations/ThirdPersonJump_Start.uasset' has been saved with empty engine version. The asset will be loaded but may be incompatible.
[2015.12.07-02.41.05:369][  0]LogLinker:Warning: Asset '../../../../../../work/tgame/unreal-rpg-game/UnnamedRPG/Content/Mannequin/Animations/ThirdPerson_IdleRun_2D.uasset' has been saved with empty engine version. The asset will be loaded but may be incompatible.
[2015.12.07-02.41.05:370][  0]LogLinker:Warning: Asset '../../../../../../work/tgame/unreal-rpg-game/UnnamedRPG/Content/Mannequin/Animations/ThirdPersonIdle.uasset' has been saved with empty engine version. The asset will be loaded but may be incompatible.
[2015.12.07-02.41.05:371][  0]LogLinker:Warning: Asset '../../../../../../work/tgame/unreal-rpg-game/UnnamedRPG/Content/Mannequin/Animations/ThirdPersonRun.uasset' has been saved with empty engine version. The asset will be loaded but may be incompatible.
[2015.12.07-02.41.05:373][  0]LogLinker:Warning: Asset '../../../../../../work/tgame/unreal-rpg-game/UnnamedRPG/Content/Mannequin/Animations/ThirdPersonWalk.uasset' has been saved with empty engine version. The asset will be loaded but may be incompatible.
[2015.12.07-02.41.06:135][  0]LogAssetRegistry: FAssetRegistry took 0.0113 seconds to start up
[2015.12.07-02.41.06:311][  0]SourceControl: Info Source control is disabled
[2015.12.07-02.41.06:312][  0]SourceControl: Info Source control is disabled
[2015.12.07-02.41.06:324][  0]SourceControl: Info Source control is disabled
[2015.12.07-02.41.06:335][  0]SourceControl: Info Source control is disabled
[2015.12.07-02.41.06:752][  0]LogLinker:Warning: Asset '../../../Engine/Plugins/Runtime/LeapMotionController/Content/LM_PassthroughMaterial.uasset' has been saved with empty engine version. The asset will be loaded but may be incompatible.
[2015.12.07-02.41.06:845][  0]LogObj: 31373 objects as part of root set at end of initial load.
[2015.12.07-02.41.06:845][  0]LogUObjectAllocator: 7100168 out of 0 bytes used by permanent object pool.
[2015.12.07-02.41.06:927][  0]LogEngine: Initializing Engine...
[2015.12.07-02.41.06:933][  0]LogHMD: Can't find Oculus library dev build: is proper Runtime installed? Version: 0.7.0.0
[2015.12.07-02.41.06:933][  0]LogHMD: SteamVR failed to initialize.  Err: 110
[2015.12.07-02.41.07:060][  0]LogAIModule: Creating AISystem for world NewWorld
[2015.12.07-02.41.07:063][  0]LogInit: XAudio2 using 'Speakers (Realtek High Definition Audio)' : 2 channels at 48 kHz using 32 bits per sample (channel mask 0x3)
[2015.12.07-02.41.07:294][  0]LogInit: FAudioDevice initialized.
[2015.12.07-02.41.07:318][  0]LogDerivedDataCache: Saved boot cache 0.02s 47MB C:/Users/alademm/AppData/Local/UnrealEngine/4.9/DerivedDataCache/Boot.ddc.
[2015.12.07-02.41.07:321][  0]LogInit: Texture streaming: Enabled
[2015.12.07-02.41.07:328][  0]LogAnalytics: Creating configured Analytics provider AnalyticsET
[2015.12.07-02.41.07:328][  0]LogAnalytics: [UEEditor.Rocket.Release] APIServer = http://et2.epicgames.com/ET2/. AppVersion = 4.9.2-2707645+++depot+UE4-Releases+4.9
[2015.12.07-02.41.07:328][  0]LogAnalytics: [UEEditor.Rocket.Release] SetUserId 69afed8f429688c10ae2f7bb1cfad59c|9334e3cac41e438ab6cfbf8b7e823aed|591e9765-177c-4525-877b-936d03527357
[2015.12.07-02.41.07:328][  0]LogAnalytics: [UEEditor.Rocket.Release] AnalyticsET::StartSession
[2015.12.07-02.41.07:339][  0]LogWindowsTextInputMethodSystem:Display: IME system now deactivated.
[2015.12.07-02.41.07:339][  0]LogWindowsTextInputMethodSystem:Display: IME system now deactivated.
[2015.12.07-02.41.07:357][  0]LogInit: Transaction tracking system initialized
[2015.12.07-02.41.07:389][  0]BlueprintLog: New page: Editor Load
[2015.12.07-02.41.07:556][  0]LocalizationService: Info Localization service is disabled
[2015.12.07-02.41.07:640][  0]LogLinker:Warning: Asset '../../../../../../work/tgame/unreal-rpg-game/UnnamedRPG/Content/TopDownCPP/TopDownOverview.uasset' has been saved with empty engine version. The asset will be loaded but may be incompatible.
[2015.12.07-02.41.07:791][  0]LogConsoleResponse:Display: 
[2015.12.07-02.41.07:913][  0]LogCook:Display: Done creating registry. It took  0.00s.
[2015.12.07-02.41.08:430][  0]LogFileCache: Scanning file cache for directory 'C:/work/tgame/unreal-rpg-game/UnnamedRPG/Content/' took 0.01s
[2015.12.07-02.41.08:437][  0]SourceControl: Info Source control is disabled
[2015.12.07-02.41.08:437][  0]Cmd: MAP LOAD FILE="../../../../../../work/tgame/unreal-rpg-game/UnnamedRPG/Content/TopDownCPP/Maps/TopDownExampleMap.umap" TEMPLATE=0 SHOWPROGRESS=1 FEATURELEVEL=3
[2015.12.07-02.41.08:439][  0]LightingResults: New page: Lighting Build
[2015.12.07-02.41.08:444][  0]MapCheck: New page: Map Check
[2015.12.07-02.41.08:445][  0]LightingResults: New page: Lighting Build
[2015.12.07-02.41.08:460][  0]LogParticles: Destroying 0 GPU particle simulations for FXSystem 0x000000A1F321E480
[2015.12.07-02.41.08:682][  0]LogAIModule: Creating AISystem for world TopDownExampleMap
[2015.12.07-02.41.08:691][  0]LogEditorServer: Finished looking for orphan Actors (0.000 secs)
[2015.12.07-02.41.08:692][  0]Cmd: MAP CHECKDEP NOCLEARLOG
[2015.12.07-02.41.08:781][  0]MapCheck: Info Map check complete: 0 Error(s), 0 Warning(s), took 88.92ms to complete.
[2015.12.07-02.41.08:781][  0]LogFileHelpers: Loading map 'TopDownExampleMap' took 0.344
[2015.12.07-02.41.08:937][  0]LogCollectionManager: Loaded 0 collections in 0.002231 seconds
[2015.12.07-02.41.08:979][  0]LogFileCache: Scanning file cache for directory 'C:/work/tgame/unreal-rpg-game/UnnamedRPG/Saved/Collections/' took 0.01s
[2015.12.07-02.41.08:979][  0]LogFileCache: Scanning file cache for directory 'C:/work/tgame/unreal-rpg-game/UnnamedRPG/Content/Developers/alademm/Collections/' took 0.01s
[2015.12.07-02.41.08:979][  0]LogFileCache: Scanning file cache for directory 'C:/work/tgame/unreal-rpg-game/UnnamedRPG/Content/Collections/' took 0.01s
[2015.12.07-02.41.08:979][  0]LogContentBrowser: Native class hierarchy populated in 0.0083 seconds. Added 1872 classes and 336 folders.
[2015.12.07-02.41.08:984][  0]LogCollectionManager: Rebuilt the GUID cache for 0 collections in 0.000002 seconds
[2015.12.07-02.41.08:992][  0]LogContentBrowser: Native class hierarchy updated for 'WidgetCarousel' in 0.0023 seconds. Added 0 classes and 0 folders.
[2015.12.07-02.41.09:829][  0]LogContentBrowser: Native class hierarchy updated for 'AddContentDialog' in 0.0022 seconds. Added 0 classes and 0 folders.
[2015.12.07-02.41.09:837][  0]LogContentBrowser: Native class hierarchy updated for 'SceneOutliner' in 0.0031 seconds. Added 1 classes and 2 folders.
[2015.12.07-02.41.09:902][  0]LogCrashTracker: Crashtracker disabled due to settings.
[2015.12.07-02.41.09:906][  0]LogUObjectGlobals:Warning: Failed to find object 'Class None.'
[2015.12.07-02.41.09:929][  0]LogLoad: Full Startup: 15.13 seconds (BP compile: 0.11 seconds)
[2015.12.07-02.41.10:016][  0]LogContentStreaming: Texture pool size now 400 MB
[2015.12.07-02.41.10:160][  0]LogRenderer: Reallocating scene render targets to support 960x596 (Frame:2).
[2015.12.07-02.41.10:357][  4]LogAssetRegistry: Asset discovery search completed in 4.2336 seconds
[2015.12.07-02.41.10:357][  4]LogCollectionManager: Rebuilt the object cache for 0 collections in 0.000000 seconds (found 0 objects)
[2015.12.07-02.41.10:357][  4]LogCollectionManager: Fixed up redirectors for 0 collections in 0.000028 seconds (updated 0 objects)
[2015.12.07-02.41.14:195][201]LogLinker:Warning: Asset '../../../Engine/Content/ArtTools/RenderToTexture/Macros/RenderToTextureMacros.uasset' has been saved with empty engine version. The asset will be loaded but may be incompatible.
[2015.12.07-02.41.16:050][201]LogContentBrowser: Native class hierarchy updated for 'BlueprintGraph' in 0.0026 seconds. Added 107 classes and 0 folders.
[2015.12.07-02.41.48:626][ 46]LogParticles: Destroying 0 GPU particle simulations for FXSystem 0x000000A1FF98AF20
[2015.12.07-02.41.48:706][ 46]LogWindowsTextInputMethodSystem:Display: IME system now deactivated.
[2015.12.07-02.41.48:706][ 46]LogWindowsTextInputMethodSystem:Display: IME system now deactivated.
[2015.12.07-02.41.48:954][ 47]Cmd: QUIT_EDITOR
[2015.12.07-02.41.49:208][ 47]LogExit: Preparing to exit.
[2015.12.07-02.41.49:416][ 47]LogExit: Editor shut down
[2015.12.07-02.41.49:416][ 47]LogExit: Transaction tracking system shut down
[2015.12.07-02.41.49:417][ 47]LogParticles: Destroying 0 GPU particle simulations for FXSystem 0x000000A1E2BEFEC0
[2015.12.07-02.41.49:418][ 47]LogParticles: Destroying 0 GPU particle simulations for FXSystem 0x000000A1E218E7A0
[2015.12.07-02.41.49:419][ 47]LogParticles: Destroying 0 GPU particle simulations for FXSystem 0x000000A198712F20
[2015.12.07-02.41.49:570][ 47]LogExit: Object subsystem successfully closed.
[2015.12.07-02.41.49:582][ 47]LogD3D11RHI: Shutdown
[2015.12.07-02.41.49:582][ 47]LogD3D11RHI: CleanupD3DDevice
[2015.12.07-02.41.49:626][ 47]LogD3D11RHI: ~FD3D11DynamicRHI
[2015.12.07-02.41.49:652][ 47]LogModuleManager: Shutting down and abandoning module BlueprintGraph (199)
[2015.12.07-02.41.49:652][ 47]LogModuleManager: Shutting down and abandoning module CrashTracker (198)
[2015.12.07-02.41.49:652][ 47]LogModuleManager: Shutting down and abandoning module SceneOutliner (197)
[2015.12.07-02.41.49:652][ 47]LogModuleManager: Shutting down and abandoning module SuperSearch (196)
[2015.12.07-02.41.49:652][ 47]LogModuleManager: Shutting down and abandoning module WidgetCarousel (195)
[2015.12.07-02.41.49:652][ 47]LogModuleManager: Shutting down and abandoning module AddContentDialog (194)
[2015.12.07-02.41.49:653][ 47]LogModuleManager: Shutting down and abandoning module EditorWidgets (193)
[2015.12.07-02.41.49:653][ 47]LogModuleManager: Shutting down and abandoning module CollectionManager (192)
[2015.12.07-02.41.49:653][ 47]LogModuleManager: Shutting down and abandoning module StatsViewer (191)
[2015.12.07-02.41.49:653][ 47]LogModuleManager: Shutting down and abandoning module FoliageEdit (190)
[2015.12.07-02.41.49:653][ 47]LogModuleManager: Shutting down and abandoning module LandscapeEditor (189)
[2015.12.07-02.41.49:654][ 47]LogModuleManager: Shutting down and abandoning module ActorPickerMode (188)
[2015.12.07-02.41.49:654][ 47]LogModuleManager: Shutting down and abandoning module GeometryMode (187)
[2015.12.07-02.41.49:654][ 47]LogModuleManager: Shutting down and abandoning module TextureAlignMode (186)
[2015.12.07-02.41.49:654][ 47]LogModuleManager: Shutting down and abandoning module BspMode (185)
[2015.12.07-02.41.49:654][ 47]LogModuleManager: Shutting down and abandoning module PlacementMode (184)
[2015.12.07-02.41.49:654][ 47]LogModuleManager: Shutting down and abandoning module AutomationWorker (183)
[2015.12.07-02.41.49:654][ 47]LogModuleManager: Shutting down and abandoning module CharacterAI (182)
[2015.12.07-02.41.49:654][ 47]LogModuleManager: Shutting down and abandoning module SmartSnapping (181)
[2015.12.07-02.41.49:654][ 47]LogModuleManager: Shutting down and abandoning module ViewportSnapping (180)
[2015.12.07-02.41.49:654][ 47]LogModuleManager: Shutting down and abandoning module LogVisualizer (179)
[2015.12.07-02.41.49:654][ 47]LogModuleManager: Shutting down and abandoning module GameProjectGeneration (178)
[2015.12.07-02.41.49:654][ 47]LogModuleManager: Shutting down and abandoning module IntroTutorials (177)
[2015.12.07-02.41.49:654][ 47]LogModuleManager: Shutting down and abandoning module EditorLiveStreaming (176)
[2015.12.07-02.41.49:654][ 47]LogModuleManager: Shutting down and abandoning module IOSPlatformEditor (175)
[2015.12.07-02.41.49:654][ 47]LogModuleManager: Shutting down and abandoning module HTML5PlatformEditor (174)
[2015.12.07-02.41.49:654][ 47]LogModuleManager: Shutting down and abandoning module AndroidDeviceDetection (173)
[2015.12.07-02.41.50:623][ 47]LogModuleManager: Shutting down and abandoning module AndroidPlatformEditor (172)
[2015.12.07-02.41.50:623][ 47]LogModuleManager: Shutting down and abandoning module IOSRuntimeSettings (171)
[2015.12.07-02.41.50:623][ 47]LogModuleManager: Shutting down and abandoning module AndroidRuntimeSettings (170)
[2015.12.07-02.41.50:623][ 47]LogModuleManager: Shutting down and abandoning module MergeActors (169)
[2015.12.07-02.41.50:623][ 47]LogModuleManager: Shutting down and abandoning module SizeMap (168)
[2015.12.07-02.41.50:623][ 47]LogModuleManager: Shutting down and abandoning module TreeMap (167)
[2015.12.07-02.41.50:623][ 47]LogModuleManager: Shutting down and abandoning module ReferenceViewer (166)
[2015.12.07-02.41.50:623][ 47]LogModuleManager: Shutting down and abandoning module LocalizationService (165)
[2015.12.07-02.41.50:623][ 47]LogModuleManager: Shutting down and abandoning module LocalizationDashboard (164)
[2015.12.07-02.41.50:623][ 47]LogModuleManager: Shutting down and abandoning module HardwareTargeting (163)
[2015.12.07-02.41.50:623][ 47]LogModuleManager: Shutting down and abandoning module DeviceProfileEditor (162)
[2015.12.07-02.41.50:623][ 47]LogModuleManager: Shutting down and abandoning module UndoHistory (161)
[2015.12.07-02.41.50:623][ 47]LogModuleManager: Shutting down and abandoning module GameplayTagsEditor (160)
[2015.12.07-02.41.50:623][ 47]LogModuleManager: Shutting down and abandoning module UserFeedback (159)
[2015.12.07-02.41.50:623][ 47]LogModuleManager: Shutting down and abandoning module XmlParser (158)
[2015.12.07-02.41.50:623][ 47]LogModuleManager: Shutting down and abandoning module Blutility (157)
[2015.12.07-02.41.50:623][ 47]LogModuleManager: Shutting down and abandoning module ProjectTargetPlatformEditor (156)
[2015.12.07-02.41.50:624][ 47]LogModuleManager: Shutting down and abandoning module ProjectSettingsViewer (155)
[2015.12.07-02.41.50:624][ 47]LogModuleManager: Shutting down and abandoning module InputBindingEditor (154)
[2015.12.07-02.41.50:624][ 47]LogModuleManager: Shutting down and abandoning module EditorSettingsViewer (153)
[2015.12.07-02.41.50:624][ 47]LogModuleManager: Shutting down and abandoning module SettingsEditor (152)
[2015.12.07-02.41.50:624][ 47]LogModuleManager: Shutting down and abandoning module ProjectLauncher (151)
[2015.12.07-02.41.50:624][ 47]LogModuleManager: Shutting down and abandoning module SessionFrontend (150)
[2015.12.07-02.41.50:624][ 47]LogModuleManager: Shutting down and abandoning module ProfilerClient (149)
[2015.12.07-02.41.50:624][ 47]LogModuleManager: Shutting down and abandoning module TargetDeviceServices (148)
[2015.12.07-02.41.50:624][ 47]LogModuleManager: Shutting down and abandoning module DeviceManager (147)
[2015.12.07-02.41.50:624][ 47]LogModuleManager: Shutting down and abandoning module AutomationController (146)
[2015.12.07-02.41.50:624][ 47]LogModuleManager: Shutting down and abandoning module AutomationWindow (145)
[2015.12.07-02.41.50:624][ 47]LogModuleManager: Shutting down and abandoning module Layers (144)
[2015.12.07-02.41.50:624][ 47]LogModuleManager: Shutting down and abandoning module ComponentVisualizers (143)
[2015.12.07-02.41.50:624][ 47]LogModuleManager: Shutting down and abandoning module DetailCustomizations (142)
[2015.12.07-02.41.50:624][ 47]LogModuleManager: Shutting down and abandoning module PackagesDialog (141)
[2015.12.07-02.41.50:624][ 47]LogModuleManager: Shutting down and abandoning module Persona (140)
[2015.12.07-02.41.50:624][ 47]LogModuleManager: Shutting down and abandoning module Kismet (139)
[2015.12.07-02.41.50:624][ 47]LogModuleManager: Shutting down and abandoning module GraphEditor (138)
[2015.12.07-02.41.50:624][ 47]LogModuleManager: Shutting down and abandoning module ClassViewer (137)
[2015.12.07-02.41.50:624][ 47]LogModuleManager: Shutting down and abandoning module Toolbox (136)
[2015.12.07-02.41.50:625][ 47]LogModuleManager: Shutting down and abandoning module ModuleUI (135)
[2015.12.07-02.41.50:625][ 47]LogModuleManager: Shutting down and abandoning module MovieSceneTools (134)
[2015.12.07-02.41.50:625][ 47]LogModuleManager: Shutting down and abandoning module OutputLog (133)
[2015.12.07-02.41.50:625][ 47]LogModuleManager: Shutting down and abandoning module GammaUI (132)
[2015.12.07-02.41.50:625][ 47]LogModuleManager: Shutting down and abandoning module Documentation (131)
[2015.12.07-02.41.50:625][ 47]LogModuleManager: Shutting down and abandoning module GameLiveStreaming (130)
[2015.12.07-02.41.50:625][ 47]LogModuleManager: Shutting down and abandoning module StreamingPauseRendering (129)
[2015.12.07-02.41.50:625][ 47]LogModuleManager: Shutting down and abandoning module AnalyticsET (128)
[2015.12.07-02.41.50:625][ 47]LogModuleManager: Shutting down and abandoning module Analytics (127)
[2015.12.07-02.41.50:625][ 47]LogModuleManager: Shutting down and abandoning module AITestSuite (126)
[2015.12.07-02.41.50:625][ 47]LogModuleManager: Shutting down and abandoning module GameplayDebugger (125)
[2015.12.07-02.41.50:625][ 47]LogModuleManager: Shutting down and abandoning module AIModule (124)
[2015.12.07-02.41.50:625][ 47]LogModuleManager: Shutting down and abandoning module ProfilerService (123)
[2015.12.07-02.41.50:674][ 47]LogModuleManager: Shutting down and abandoning module TaskGraph (122)
[2015.12.07-02.41.50:674][ 47]LogModuleManager: Shutting down and abandoning module SlateRemote (121)
[2015.12.07-02.41.50:674][ 47]LogModuleManager: Shutting down and abandoning module SteamVRController (120)
[2015.12.07-02.41.50:674][ 47]LogModuleManager: Shutting down and abandoning module SteamVR (119)
[2015.12.07-02.41.50:674][ 47]LogModuleManager: Shutting down and abandoning module ProceduralMeshComponent (118)
[2015.12.07-02.41.50:674][ 47]LogModuleManager: Shutting down and abandoning module OculusRift (117)
[2015.12.07-02.41.50:674][ 47]LogModuleManager: Shutting down and abandoning module OculusLibrary (116)
[2015.12.07-02.41.50:674][ 47]LogModuleManager: Shutting down and abandoning module LeapMotionController (115)
[2015.12.07-02.41.50:688][ 47]LogModuleManager: Shutting down and abandoning module CustomMeshComponent (114)
[2015.12.07-02.41.50:688][ 47]LogModuleManager: Shutting down and abandoning module CableComponent (113)
[2015.12.07-02.41.50:688][ 47]LogModuleManager: Shutting down and abandoning module ArchVisCharacter (112)
[2015.12.07-02.41.50:688][ 47]LogModuleManager: Shutting down and abandoning module MessagingDebugger (111)
[2015.12.07-02.41.50:688][ 47]LogModuleManager: Shutting down and abandoning module MediaPlayerEditor (110)
[2015.12.07-02.41.50:688][ 47]LogModuleManager: Shutting down and abandoning module HTML5Networking (109)
[2015.12.07-02.41.50:688][ 47]LogModuleManager: Shutting down and abandoning module SpeedTreeImporter (108)
[2015.12.07-02.41.50:688][ 47]LogModuleManager: Shutting down and abandoning module PluginBrowser (107)
[2015.12.07-02.41.50:688][ 47]LogModuleManager: Shutting down and abandoning module EpicSurvey (106)
[2015.12.07-02.41.50:688][ 47]LogModuleManager: Shutting down and abandoning module DesktopPlatform (105)
[2015.12.07-02.41.50:688][ 47]LogModuleManager: Shutting down and abandoning module VisualStudioSourceCodeAccess (104)
[2015.12.07-02.41.50:688][ 47]LogModuleManager: Shutting down and abandoning module UObjectPlugin (103)
[2015.12.07-02.41.50:688][ 47]LogModuleManager: Shutting down and abandoning module SubversionSourceControl (102)
[2015.12.07-02.41.50:688][ 47]LogModuleManager: Shutting down and abandoning module PerforceSourceControl (101)
[2015.12.07-02.41.50:688][ 47]LogModuleManager: Shutting down and abandoning module SourceControl (100)
[2015.12.07-02.41.50:688][ 47]LogModuleManager: Shutting down and abandoning module GitSourceControl (99)
[2015.12.07-02.41.50:688][ 47]LogModuleManager: Shutting down and abandoning module LightPropagationVolumeEditor (98)
[2015.12.07-02.41.50:688][ 47]LogModuleManager: Shutting down and abandoning module PaperTiledImporter (97)
[2015.12.07-02.41.50:688][ 47]LogModuleManager: Shutting down and abandoning module PaperSpriteSheetImporter (96)
[2015.12.07-02.41.50:688][ 47]LogModuleManager: Shutting down and abandoning module MeshPaint (95)
[2015.12.07-02.41.50:688][ 47]LogModuleManager: Shutting down and abandoning module SlateReflector (94)
[2015.12.07-02.41.50:688][ 47]LogModuleManager: Shutting down and abandoning module HotReload (93)
[2015.12.07-02.41.50:688][ 47]LogModuleManager: Shutting down and abandoning module MainFrame (92)
[2015.12.07-02.41.50:688][ 47]LogModuleManager: Shutting down and abandoning module LevelEditor (91)
[2015.12.07-02.41.50:689][ 47]LogModuleManager: Shutting down and abandoning module DirectoryWatcher (90)
[2015.12.07-02.41.50:689][ 47]LogModuleManager: Shutting down and abandoning module AssetRegistry (89)
[2015.12.07-02.41.50:807][ 47]LogModuleManager: Shutting down and abandoning module ContentBrowser (88)
[2015.12.07-02.41.50:807][ 47]LogModuleManager: Shutting down and abandoning module Paper2DEditor (87)
[2015.12.07-02.41.50:807][ 47]LogModuleManager: Shutting down and abandoning module UnnamedRPG (86)
[2015.12.07-02.41.50:807][ 47]LogModuleManager: Shutting down and abandoning module UdpMessaging (85)
[2015.12.07-02.41.50:908][ 47]LogModuleManager: Shutting down and abandoning module LightPropagationVolumeRuntime (84)
[2015.12.07-02.41.50:908][ 47]LogModuleManager: Shutting down and abandoning module Paper2D (83)
[2015.12.07-02.41.50:908][ 47]LogModuleManager: Shutting down and abandoning module WindowsMoviePlayer (82)
[2015.12.07-02.41.50:910][ 47]LogModuleManager: Shutting down and abandoning module Media (81)
[2015.12.07-02.41.50:910][ 47]LogModuleManager: Shutting down and abandoning module WmfMedia (80)
[2015.12.07-02.41.50:910][ 47]LogModuleManager: Shutting down and abandoning module OnlineBlueprintSupport (79)
[2015.12.07-02.41.50:910][ 47]LogModuleManager: Shutting down and abandoning module GameplayTasksEditor (78)
[2015.12.07-02.41.50:910][ 47]LogModuleManager: Shutting down and abandoning module PropertyEditor (77)
[2015.12.07-02.41.50:910][ 47]LogModuleManager: Shutting down and abandoning module BehaviorTreeEditor (76)
[2015.12.07-02.41.50:910][ 47]LogModuleManager: Shutting down and abandoning module FunctionalTesting (75)
[2015.12.07-02.41.50:910][ 47]LogModuleManager: Shutting down and abandoning module CollisionAnalyzer (74)
[2015.12.07-02.41.50:910][ 47]LogModuleManager: Shutting down and abandoning module WorkspaceMenuStructure (73)
[2015.12.07-02.41.50:910][ 47]LogModuleManager: Shutting down and abandoning module MessageLog (72)
[2015.12.07-02.41.50:910][ 47]LogModuleManager: Shutting down and abandoning module Sequencer (71)
[2015.12.07-02.41.50:910][ 47]LogModuleManager: Shutting down and abandoning module AssetTools (70)
[2015.12.07-02.41.50:910][ 47]LogModuleManager: Shutting down and abandoning module UMGEditor (69)
[2015.12.07-02.41.50:910][ 47]LogModuleManager: Shutting down and abandoning module UMG (68)
[2015.12.07-02.41.50:910][ 47]LogModuleManager: Shutting down and abandoning module Slate (67)
[2015.12.07-02.41.50:910][ 47]LogModuleManager: Shutting down and abandoning module EditorStyle (66)
[2015.12.07-02.41.50:913][ 47]LogModuleManager: Shutting down and abandoning module SessionServices (65)
[2015.12.07-02.41.50:913][ 47]LogModuleManager: Shutting down and abandoning module SourceCodeAccess (64)
[2015.12.07-02.41.50:913][ 47]LogModuleManager: Shutting down and abandoning module HeadMountedDisplay (63)
[2015.12.07-02.41.50:913][ 47]LogModuleManager: Shutting down and abandoning module XAudio2 (62)
[2015.12.07-02.41.50:913][ 47]LogModuleManager: Shutting down and abandoning module Networking (60)
[2015.12.07-02.41.50:913][ 47]LogModuleManager: Shutting down and abandoning module Core (59)
[2015.12.07-02.41.50:913][ 47]LogModuleManager: Shutting down and abandoning module KismetCompiler (58)
[2015.12.07-02.41.50:913][ 47]LogModuleManager: Shutting down and abandoning module PhysXFormats (57)
[2015.12.07-02.41.50:913][ 47]LogModuleManager: Shutting down and abandoning module MeshUtilities (56)
[2015.12.07-02.41.50:913][ 47]LogModuleManager: Shutting down and abandoning module CookingStats (55)
[2015.12.07-02.41.50:914][ 47]LogModuleManager: Shutting down and abandoning module DerivedDataCache (54)
[2015.12.07-02.41.51:067][ 47]LogDerivedDataCache: Shutdown
[2015.12.07-02.41.51:067][ 47]LogModuleManager: Shutting down and abandoning module ShaderFormatOpenGL (53)
[2015.12.07-02.41.51:067][ 47]LogModuleManager: Shutting down and abandoning module ShaderFormatD3D (52)
[2015.12.07-02.41.51:067][ 47]LogModuleManager: Shutting down and abandoning module MetalShaderFormat (51)
[2015.12.07-02.41.51:067][ 47]LogModuleManager: Shutting down and abandoning module TextureFormatUncompressed (50)
[2015.12.07-02.41.51:067][ 47]LogModuleManager: Shutting down and abandoning module TextureFormatPVR (49)
[2015.12.07-02.41.51:067][ 47]LogModuleManager: Shutting down and abandoning module TextureFormatIntelISPCTexComp (48)
[2015.12.07-02.41.51:067][ 47]LogModuleManager: Shutting down and abandoning module TextureFormatDXT (47)
[2015.12.07-02.41.51:067][ 47]LogModuleManager: Shutting down and abandoning module ImageWrapper (46)
[2015.12.07-02.41.51:067][ 47]LogModuleManager: Shutting down and abandoning module TextureFormatASTC (45)
[2015.12.07-02.41.51:067][ 47]LogModuleManager: Shutting down and abandoning module TextureFormatAndroid (44)
[2015.12.07-02.41.51:067][ 47]LogModuleManager: Shutting down and abandoning module AudioFormatOpus (43)
[2015.12.07-02.41.51:067][ 47]LogModuleManager: Shutting down and abandoning module AudioFormatOgg (42)
[2015.12.07-02.41.51:067][ 47]LogModuleManager: Shutting down and abandoning module AudioFormatADPCM (41)
[2015.12.07-02.41.51:067][ 47]LogModuleManager: Shutting down and abandoning module LinuxTargetPlatform (40)
[2015.12.07-02.41.51:067][ 47]LogModuleManager: Shutting down and abandoning module LinuxServerTargetPlatform (39)
[2015.12.07-02.41.51:067][ 47]LogModuleManager: Shutting down and abandoning module LinuxNoEditorTargetPlatform (38)
[2015.12.07-02.41.51:067][ 47]LogModuleManager: Shutting down and abandoning module Messaging (37)
[2015.12.07-02.41.51:067][ 47]LogModuleManager: Shutting down and abandoning module IOSTargetPlatform (36)
[2015.12.07-02.41.51:067][ 47]LogModuleManager: Shutting down and abandoning module HTML5TargetPlatform (35)
[2015.12.07-02.41.51:067][ 47]LogModuleManager: Shutting down and abandoning module Android_PVRTCTargetPlatform (34)
[2015.12.07-02.41.51:067][ 47]LogModuleManager: Shutting down and abandoning module Android_ETC2TargetPlatform (33)
[2015.12.07-02.41.51:067][ 47]LogModuleManager: Shutting down and abandoning module Android_ETC1TargetPlatform (32)
[2015.12.07-02.41.51:067][ 47]LogModuleManager: Shutting down and abandoning module Android_DXTTargetPlatform (31)
[2015.12.07-02.41.51:067][ 47]LogModuleManager: Shutting down and abandoning module Android_ATCTargetPlatform (30)
[2015.12.07-02.41.51:067][ 47]LogModuleManager: Shutting down and abandoning module Android_ASTCTargetPlatform (29)
[2015.12.07-02.41.51:067][ 47]LogModuleManager: Shutting down and abandoning module AndroidTargetPlatform (28)
[2015.12.07-02.41.51:067][ 47]LogModuleManager: Shutting down and abandoning module WindowsTargetPlatform (27)
[2015.12.07-02.41.51:067][ 47]LogModuleManager: Shutting down and abandoning module WindowsServerTargetPlatform (26)
[2015.12.07-02.41.51:067][ 47]LogModuleManager: Shutting down and abandoning module WindowsNoEditorTargetPlatform (25)
[2015.12.07-02.41.51:067][ 47]LogModuleManager: Shutting down and abandoning module WindowsClientTargetPlatform (24)
[2015.12.07-02.41.51:067][ 47]LogModuleManager: Shutting down and abandoning module AllDesktopTargetPlatform (23)
[2015.12.07-02.41.51:067][ 47]LogModuleManager: Shutting down and abandoning module TargetPlatform (22)
[2015.12.07-02.41.51:067][ 47]LogModuleManager: Shutting down and abandoning module InputCore (21)
[2015.12.07-02.41.51:067][ 47]LogModuleManager: Shutting down and abandoning module Settings (20)
[2015.12.07-02.41.51:067][ 47]LogModuleManager: Shutting down and abandoning module OnlineSubsystem (18)
[2015.12.07-02.41.51:067][ 47]LogModuleManager: Shutting down and abandoning module HTTP (17)
[2015.12.07-02.41.53:071][ 47]LogModuleManager: Shutting down and abandoning module XMPP (16)
[2015.12.07-02.41.53:071][ 47]LogModuleManager: Shutting down and abandoning module ExampleDeviceProfileSelector (15)
[2015.12.07-02.41.53:071][ 47]LogModuleManager: Shutting down and abandoning module TextureCompressor (14)
[2015.12.07-02.41.53:071][ 47]LogModuleManager: Shutting down and abandoning module ShaderCore (13)
[2015.12.07-02.41.53:071][ 47]LogModuleManager: Shutting down and abandoning module Landscape (12)
[2015.12.07-02.41.53:071][ 47]LogModuleManager: Shutting down and abandoning module SlateRHIRenderer (11)
[2015.12.07-02.41.53:071][ 47]LogModuleManager: Shutting down and abandoning module OpenGLDrv (10)
[2015.12.07-02.41.53:071][ 47]LogModuleManager: Shutting down and abandoning module D3D11RHI (9)
[2015.12.07-02.41.53:071][ 47]LogModuleManager: Shutting down and abandoning module AnimGraphRuntime (8)
[2015.12.07-02.41.53:071][ 47]LogModuleManager: Shutting down and abandoning module Renderer (7)
[2015.12.07-02.41.53:071][ 47]LogModuleManager: Shutting down and abandoning module Engine (6)
[2015.12.07-02.41.53:071][ 47]LogModuleManager: Shutting down and abandoning module CoreUObject (5)
[2015.12.07-02.41.53:071][ 47]LogModuleManager: Shutting down and abandoning module NetworkFile (4)
[2015.12.07-02.41.53:071][ 47]LogModuleManager: Shutting down and abandoning module StreamingFile (3)
[2015.12.07-02.41.53:071][ 47]LogModuleManager: Shutting down and abandoning module SandboxFile (2)
[2015.12.07-02.41.53:071][ 47]LogModuleManager: Shutting down and abandoning module PakFile (1)
[2015.12.07-02.41.53:072][ 47]LogExit: Exiting.
[2015.12.07-02.41.53:074][ 47]Log file closed, 12/06/15 21:41:53
