[2015.11.23-03.46.51:574][  0]Log file open, 11/22/15 22:46:51
[2015.11.23-03.46.51:574][  0]LogModuleManager:Warning: ModuleManager: Module 'HTTPChunkInstaller' not found - its StaticallyLinkedModuleInitializers function is null.
[2015.11.23-03.46.51:575][  0]LogInit:Display: No sandbox specified, assuming ../../../../../../../Program Files/Epic Games/4.9/../../../Users/alademm/Documents/Unreal Projects/UnnamedRPG/Saved/Cooked/WindowsNoEditor
[2015.11.23-03.46.51:575][  0]LogInit:Display: RandInit(-1968642731) SRandInit(-1968642731).
[2015.11.23-03.46.51:576][  0]LogTaskGraph: Started task graph with 4 named threads and 7 total threads.
[2015.11.23-03.46.51:576][  0]LogStats: Stats thread started at 0.103949
[2015.11.23-03.46.51:576][  0]LogInit: Version: 4.9.2-2707645+++depot+UE4-Releases+4.9
[2015.11.23-03.46.51:576][  0]LogInit: API Version: 2672455
[2015.11.23-03.46.51:577][  0]LogInit: Compiled (64-bit): Sep 28 2015 10:26:09
[2015.11.23-03.46.51:577][  0]LogInit: Compiled with Visual C++: 18.00.21005.01
[2015.11.23-03.46.51:577][  0]LogInit: Build Configuration: DebugGame
[2015.11.23-03.46.51:578][  0]LogInit: Branch Name: ++depot+UE4-Releases+4.9
[2015.11.23-03.46.51:578][  0]LogInit: Command line: 
[2015.11.23-03.46.51:578][  0]LogInit: Base directory: C:/Users/alademm/Documents/Unreal Projects/UnnamedRPG/Binaries/Win64/
[2015.11.23-03.46.51:578][  0]LogInit: Rocket: 1
[2015.11.23-03.46.51:585][  0]LogInit: Using libcurl 7.41.0
[2015.11.23-03.46.51:585][  0]LogInit:  - built for x86_64-pc-win32
[2015.11.23-03.46.51:585][  0]LogInit:  - supports SSL with WinSSL
[2015.11.23-03.46.51:586][  0]LogInit:  - other features:
[2015.11.23-03.46.51:586][  0]LogInit:      CURL_VERSION_SSL
[2015.11.23-03.46.51:586][  0]LogInit:      CURL_VERSION_IPV6
[2015.11.23-03.46.51:586][  0]LogInit:      CURL_VERSION_ASYNCHDNS
[2015.11.23-03.46.51:587][  0]LogInit:      CURL_VERSION_LARGEFILE
[2015.11.23-03.46.51:587][  0]LogInit:      CURL_VERSION_IDN
[2015.11.23-03.46.51:587][  0]LogInit:  CurlRequestOptions (configurable via config and command line):
[2015.11.23-03.46.51:587][  0]LogInit:  - bVerifyPeer = true  - Libcurl will verify peer certificate
[2015.11.23-03.46.51:588][  0]LogInit:  - bUseHttpProxy = false  - Libcurl will NOT use HTTP proxy
[2015.11.23-03.46.51:588][  0]LogInit:  - bDontReuseConnections = false  - Libcurl will reuse connections
[2015.11.23-03.46.51:588][  0]LogInit:  - CertBundlePath = nullptr  - Libcurl will use whatever was configured at build time.
[2015.11.23-03.46.51:590][  0]LogInit: Presizing for 0 objects not considered by GC, pre-allocating 0 bytes.
[2015.11.23-03.46.51:597][  0]LogInit: Object subsystem initialized
[2015.11.23-03.46.51:606][  0]LogInit: Selected Device Profile: [WindowsNoEditor]
[2015.11.23-03.46.51:606][  0]LogInit: Applying CVar settings loaded from the selected device profile: [WindowsNoEditor]
[2015.11.23-03.46.51:616][  0]LogInit: Computer: MBONEZ
[2015.11.23-03.46.51:617][  0]LogInit: User: alademm
[2015.11.23-03.46.51:617][  0]LogInit: CPU Page size=4096, Cores=4
[2015.11.23-03.46.51:617][  0]LogInit: High frequency timer resolution =2.338346 MHz
[2015.11.23-03.46.51:618][  0]LogMemory: Memory total: Physical=11.9GB (12GB approx)
[2015.11.23-03.46.51:618][  0]LogMemory: Platform Memory Stats for WindowsNoEditor
[2015.11.23-03.46.51:618][  0]LogMemory: Process Physical Memory: 37.84 MB used, 37.84 MB peak
[2015.11.23-03.46.51:619][  0]LogMemory: Process Virtual Memory: 51.95 MB used, 51.95 MB peak
[2015.11.23-03.46.51:619][  0]LogMemory: Physical Memory: 7006.85 MB used, 12171.25 MB total
[2015.11.23-03.46.51:619][  0]LogMemory: Virtual Memory: 247.09 MB used, 134217728.00 MB total
[2015.11.23-03.46.51:729][  0]LogTextLocalizationManager: No translations for ('en-US') exist, falling back to 'en' for localization and internationalization data.
[2015.11.23-03.46.51:805][  0]LogD3D11RHI: Found D3D11 adapter 0: NVIDIA GeForce GT 750M (Feature Level 11_0)
[2015.11.23-03.46.51:805][  0]LogD3D11RHI: Adapter has 4029MB of dedicated video memory, 0MB of dedicated system memory, and 6085MB of shared system memory, 1 output[s]
[2015.11.23-03.46.51:821][  0]LogD3D11RHI: Found D3D11 adapter 1: Intel(R) HD Graphics 4600 (Feature Level 11_0)
[2015.11.23-03.46.51:821][  0]LogD3D11RHI: Adapter has 112MB of dedicated video memory, 0MB of dedicated system memory, and 6085MB of shared system memory, 0 output[s]
[2015.11.23-03.46.51:825][  0]LogD3D11RHI: Found D3D11 adapter 2: Microsoft Basic Render Driver (Feature Level 11_0)
[2015.11.23-03.46.51:826][  0]LogD3D11RHI: Adapter has 0MB of dedicated video memory, 0MB of dedicated system memory, and 6085MB of shared system memory, 0 output[s]
[2015.11.23-03.46.51:826][  0]LogD3D11RHI: Chosen D3D11 Adapter Id = 0
[2015.11.23-03.46.51:831][  0]LogD3D11RHI: !Direct3DDevice
[2015.11.23-03.46.51:831][  0]LogRHI: Texture pool is 1361 MB (70% of 1945 MB)
[2015.11.23-03.46.51:938][  0]LogD3D11RHI: Async texture creation enabled
[2015.11.23-03.46.52:084][  0]LogInit: Selected Device Profile: [WindowsNoEditor]
[2015.11.23-03.46.52:085][  0]LogContentStreaming: Texture pool size is 1000.000000MB
[2015.11.23-03.46.52:209][  0]LogInit: WinSock: version 1.1 (2.2), MaxSocks=32767, MaxUdp=65467
[2015.11.23-03.46.52:370][  0]LogWindowsMoviePlayer: Unable to load movie: ../../../../../../../Program Files/Epic Games/4.9/../../../Users/alademm/Documents/Unreal Projects/UnnamedRPG/Content/Movies/Default_Startup.mp4
[2015.11.23-03.46.52:411][  0]LogObj: 23586 objects as part of root set at end of initial load.
[2015.11.23-03.46.52:412][  0]LogUObjectAllocator: 4676080 out of 0 bytes used by permanent object pool.
[2015.11.23-03.46.52:429][  0]LogEngine: Initializing Engine...
[2015.11.23-03.46.52:441][  0]LogHMD: Can't find Oculus library dev build: is proper Runtime installed? Version: 0.7.0.0
[2015.11.23-03.46.52:452][  0]LogHMD: SteamVR failed to initialize.  Err: 110
[2015.11.23-03.46.52:512][  0]LogInit: XAudio2 using 'Speakers (Realtek High Definition Audio)' : 2 channels at 48 kHz using 32 bits per sample (channel mask 0x3)
[2015.11.23-03.46.52:536][  0]LogInit: FAudioDevice initialized.
[2015.11.23-03.46.52:537][  0]LogInit: Texture streaming: Enabled
[2015.11.23-03.46.52:538][  0]LogAnalytics: Creating configured Analytics provider AnalyticsET
[2015.11.23-03.46.52:538][  0]LogAnalytics: [UEGame.Rocket.Release|95E017EF4F8F64056153908DE50DC911|Top Down Game Template] APIServer = http://et2.epicgames.com/ET2/. AppVersion = 4.9.2-2707645+++depot+UE4-Releases+4.9
[2015.11.23-03.46.52:538][  0]LogAnalytics: [UEGame.Rocket.Release|95E017EF4F8F64056153908DE50DC911|Top Down Game Template] SetUserId 69afed8f429688c10ae2f7bb1cfad59c|9334e3cac41e438ab6cfbf8b7e823aed|591e9765-177c-4525-877b-936d03527357
[2015.11.23-03.46.52:539][  0]LogAnalytics: [UEGame.Rocket.Release|95E017EF4F8F64056153908DE50DC911|Top Down Game Template] AnalyticsET::StartSession
[2015.11.23-03.46.52:561][  0]LogAssetRegistry: FAssetRegistry took 0.0043 seconds to start up
[2015.11.23-03.46.52:565][  0]LogUObjectGlobals:Warning: Failed to find object 'Object /Game/Quests/TestQuest.TestQuest'
[2015.11.23-03.46.57:575][  0]LogNet: Browse: /Game/TopDownCPP/Maps/TopDownExampleMap?Name=Player
[2015.11.23-03.46.57:576][  0]LogLoad: LoadMap: /Game/TopDownCPP/Maps/TopDownExampleMap?Name=Player
[2015.11.23-03.46.57:584][  0]LogParticles: Destroying 0 GPU particle simulations for FXSystem 0x0000006929DF58C0
[2015.11.23-03.46.57:591][  0]LogMemory: Platform Memory Stats for WindowsNoEditor
[2015.11.23-03.46.57:591][  0]LogMemory: Process Physical Memory: 154.83 MB used, 154.83 MB peak
[2015.11.23-03.46.57:592][  0]LogMemory: Process Virtual Memory: 232.83 MB used, 232.83 MB peak
[2015.11.23-03.46.57:592][  0]LogMemory: Physical Memory: 7148.56 MB used, 12171.25 MB total
[2015.11.23-03.46.57:592][  0]LogMemory: Virtual Memory: 594.00 MB used, 134217728.00 MB total
[2015.11.23-03.46.57:593][  0]LogMemory: 
[2015.11.23-03.46.57:593][  0]LogMemory: Allocator Stats for binned:
[2015.11.23-03.46.57:593][  0]LogMemory: Current Memory 42.10 MB used, plus 4.43 MB waste
[2015.11.23-03.46.57:594][  0]LogMemory: Peak Memory 50.30 MB used, plus 2.80 MB waste
[2015.11.23-03.46.57:594][  0]LogMemory: Current OS Memory 46.54 MB, peak 53.10 MB
[2015.11.23-03.46.57:594][  0]LogMemory: Current Waste 0.80 MB, peak 1.04 MB
[2015.11.23-03.46.57:595][  0]LogMemory: Current Used 42.10 MB, peak 50.30 MB
[2015.11.23-03.46.57:595][  0]LogMemory: Current Slack 3.63 MB
[2015.11.23-03.46.57:595][  0]LogMemory: Allocs       95181 Current /  1043797 Total
[2015.11.23-03.46.57:596][  0]LogMemory: 
[2015.11.23-03.46.57:596][  0]LogMemory: Block Size Num Pools Max Pools Cur Allocs Total Allocs Min Req Max Req Mem Used Mem Slack Mem Waste Efficiency
[2015.11.23-03.46.57:596][  0]LogMemory: ---------- --------- --------- ---------- ------------ ------- ------- -------- --------- --------- ----------
[2015.11.23-03.46.57:596][  0]LogMemory:          8         0         0          0            0       8       0       0K        0K        0K    100.00%
[2015.11.23-03.46.57:596][  0]LogMemory:         16         3         3      11757       351591      16      16     183K        9K        0K    100.00%
[2015.11.23-03.46.57:597][  0]LogMemory:         32         8         8      14161        94059      17      32     442K       70K       26K     94.92%
[2015.11.23-03.46.57:597][  0]LogMemory:         48         5         5       5832        34919      33      48     273K       47K       31K     90.31%
[2015.11.23-03.46.57:597][  0]LogMemory:         64        15        15      14689        73762      49      64     918K       42K      104K     89.17%
[2015.11.23-03.46.57:597][  0]LogMemory:         80         7         7       4923        41380      65      80     384K       64K       33K     92.63%
[2015.11.23-03.46.57:598][  0]LogMemory:         96         4         4       2696        26559      81      96     252K        4K       16K     93.75%
[2015.11.23-03.46.57:598][  0]LogMemory:        112         3         3       1257        23945      97     112     137K       55K        8K     95.83%
[2015.11.23-03.46.57:598][  0]LogMemory:        128        34        34      17180        41249     114     128    2147K       29K       66K     96.97%
[2015.11.23-03.46.57:598][  0]LogMemory:        160         8         8       3175        56792     129     160     496K       16K       46K     91.02%
[2015.11.23-03.46.57:598][  0]LogMemory:        192        18        18       5648        72929     161     192    1059K       92K       76K     93.40%
[2015.11.23-03.46.57:599][  0]LogMemory:        224         5         5       1170        92980     193     224     255K       65K       14K     95.63%
[2015.11.23-03.46.57:599][  0]LogMemory:        256         4         4        861        28925     225     256     215K       41K       14K     94.53%
[2015.11.23-03.46.57:599][  0]LogMemory:        288         5         5       1054        19812     257     288     296K       24K       15K     95.31%
[2015.11.23-03.46.57:599][  0]LogMemory:        320         5         5        854        19634     290     320     266K       53K       16K     95.00%
[2015.11.23-03.46.57:599][  0]LogMemory:        384        15        15       2380        20500     322     384     892K       65K       95K     90.10%
[2015.11.23-03.46.57:600][  0]LogMemory:        448        13        13       1829         7337     385     448     800K       31K       59K     92.91%
[2015.11.23-03.46.57:600][  0]LogMemory:        512        11        11       1264         6838     449     512     632K       72K       36K     94.89%
[2015.11.23-03.46.57:600][  0]LogMemory:        576         6         6        524         8738     513     576     294K       88K       16K     95.83%
[2015.11.23-03.46.57:600][  0]LogMemory:        640        11        11        711         1867     577     640     444K      258K       25K     96.45%
[2015.11.23-03.46.57:600][  0]LogMemory:        704        11        13        702         1810     641     704     482K      222K       24K     96.59%
[2015.11.23-03.46.57:601][  0]LogMemory:        768         6         6        338         1925     705     768     253K      130K        8K     97.92%
[2015.11.23-03.46.57:601][  0]LogMemory:        896         4         4        217          497     769     896     189K       67K       10K     96.09%
[2015.11.23-03.46.57:601][  0]LogMemory:       1024         3         4        160          571     897    1024     160K       32K        4K     97.92%
[2015.11.23-03.46.57:601][  0]LogMemory:       1168         3         3        129          462    1025    1168     147K       45K        8K     95.83%
[2015.11.23-03.46.57:602][  0]LogMemory:       1360         6         6        214         2341    1172    1360     284K       99K       20K     94.79%
[2015.11.23-03.46.57:602][  0]LogMemory:       1632         7         7        209          585    1361    1632     333K      114K       29K     93.53%
[2015.11.23-03.46.57:602][  0]LogMemory:       2048        11        11        197          826    1633    2048     394K      310K       46K     93.47%
[2015.11.23-03.46.57:602][  0]LogMemory:       2336         4         4         74         2653    2050    2336     168K       88K       18K     92.97%
[2015.11.23-03.46.57:603][  0]LogMemory:       2720         5         5         93          479    2344    2717     247K       72K       12K     96.25%
[2015.11.23-03.46.57:603][  0]LogMemory:       3264         9         9        126         1723    2721    3264     401K      173K       23K     96.01%
[2015.11.23-03.46.57:603][  0]LogMemory:       4096        14        16        163          788    3265    4096     652K      244K       51K     94.31%
[2015.11.23-03.46.57:603][  0]LogMemory:       4672        11        12        110         1061    4101    4666     501K      202K       23K     96.73%
[2015.11.23-03.46.57:604][  0]LogMemory:       5456        12        16        112          423    4673    5433     596K      172K       54K     92.97%
[2015.11.23-03.46.57:604][  0]LogMemory:       6544        13        14         87          318    5465    6537     555K      276K       46K     94.47%
[2015.11.23-03.46.57:604][  0]LogMemory:       8192        10        11         62         1248    6560    8192     496K      144K       52K     91.88%
[2015.11.23-03.46.57:604][  0]LogMemory:       9360         7         7         39          116    8200    9360     356K       92K       20K     95.54%
[2015.11.23-03.46.57:604][  0]LogMemory:      10912         9         9         46           95    9368   10908     490K       86K       34K     94.10%
[2015.11.23-03.46.57:605][  0]LogMemory:      13104         5         6         24          105   10920   13094     307K       13K       22K     93.13%
[2015.11.23-03.46.57:605][  0]LogMemory:      16384         8        10         29          178   13120   16384     464K       48K       34K     93.36%
[2015.11.23-03.46.57:605][  0]LogMemory:      21840        12        14         33          152   16416   21829     703K       65K      110K     85.68%
[2015.11.23-03.46.57:605][  0]LogMemory:      32768         8         9         14          155   21852   32698     448K       64K       93K     81.84%
[2015.11.23-03.46.57:606][  0]LogMemory: 
[2015.11.23-03.46.57:606][  0]LogMemory: 22912K allocated in pools (with 3883K slack and 1437K waste). Efficiency 93.73%
[2015.11.23-03.46.57:606][  0]LogMemory: Allocations 95144 Current / 1042328 Total (in 358 pools)
[2015.11.23-03.46.57:606][  0]LogMemory: 
[2015.11.23-03.46.57:641][  0]LogModuleManager:Warning: ModuleManager: Module 'GameplayDebugger' not found - its StaticallyLinkedModuleInitializers function is null.
[2015.11.23-03.46.57:642][  0]LogAIModule: Creating AISystem for world TopDownExampleMap
[2015.11.23-03.46.57:642][  0]LogWorld: Game class is 'UnnamedRPGGameMode'
[2015.11.23-03.46.57:649][  0]LogWorld: Bringing World /Game/TopDownCPP/Maps/TopDownExampleMap.TopDownExampleMap up for play (max tick rate 0) at 2015.11.22-22.46.57
[2015.11.23-03.46.57:650][  0]LogWorld: Bringing up level for play took: 0.006079
[2015.11.23-03.46.59:207][  0]LogInit:Display: Game Engine Initialized.
[2015.11.23-03.46.59:408][  0]LogLoad: Full Startup: 8.37 seconds (BP compile: 0.00 seconds)
[2015.11.23-03.46.59:425][  0]LogWindowsTextInputMethodSystem:Display: IME system now deactivated.
[2015.11.23-03.46.59:426][  0]LogWindowsTextInputMethodSystem:Display: IME system now deactivated.
[2015.11.23-03.46.59:484][  0]LogRenderer: Reallocating scene render targets to support 128x128 (Frame:1).
[2015.11.23-03.46.59:662][  1]LogRenderer: Reallocating scene render targets to support 1600x900 (Frame:2).
[2015.11.23-03.47.18:225][417]LogWindowsTextInputMethodSystem:Display: IME system now deactivated.
[2015.11.23-03.47.18:226][417]LogWindowsTextInputMethodSystem:Display: IME system now deactivated.
[2015.11.23-03.47.18:246][417]LogEngine: All Windows Closed
[2015.11.23-03.47.18:248][417]LogWindows: FPlatformMisc::RequestExit(0)
[2015.11.23-03.47.19:298][418]LogExit: Preparing to exit.
[2015.11.23-03.47.19:373][418]LogExit: Game engine shut down
[2015.11.23-03.47.19:380][418]LogParticles: Destroying 0 GPU particle simulations for FXSystem 0x0000006928EEB400
[2015.11.23-03.47.20:006][418]LogExit: Object subsystem successfully closed.
[2015.11.23-03.47.20:030][418]LogD3D11RHI: Shutdown
[2015.11.23-03.47.20:031][418]LogD3D11RHI: CleanupD3DDevice
[2015.11.23-03.47.20:184][418]LogD3D11RHI: ~FD3D11DynamicRHI
[2015.11.23-03.47.20:189][418]LogModuleManager: Shutting down and abandoning module AutomationWorker (58)
[2015.11.23-03.47.20:197][418]LogModuleManager: Shutting down and abandoning module CharacterAI (57)
[2015.11.23-03.47.20:200][418]LogModuleManager: Shutting down and abandoning module AIModule (55)
[2015.11.23-03.47.20:203][418]LogModuleManager: Shutting down and abandoning module AssetRegistry (54)
[2015.11.23-03.47.20:217][418]LogModuleManager: Shutting down and abandoning module GameLiveStreaming (53)
[2015.11.23-03.47.20:219][418]LogModuleManager: Shutting down and abandoning module StreamingPauseRendering (52)
[2015.11.23-03.47.20:226][418]LogModuleManager: Shutting down and abandoning module AnalyticsET (51)
[2015.11.23-03.47.20:232][418]LogModuleManager: Shutting down and abandoning module Analytics (50)
[2015.11.23-03.47.20:252][418]LogModuleManager: Shutting down and abandoning module ProfilerService (49)
[2015.11.23-03.47.20:369][418]LogModuleManager: Shutting down and abandoning module TaskGraph (48)
[2015.11.23-03.47.20:374][418]LogModuleManager: Shutting down and abandoning module SlateRemote (47)
[2015.11.23-03.47.20:376][418]LogModuleManager: Shutting down and abandoning module HTML5Networking (46)
[2015.11.23-03.47.20:427][418]LogModuleManager: Shutting down and abandoning module SteamVRController (45)
[2015.11.23-03.47.20:437][418]LogModuleManager: Shutting down and abandoning module SteamVR (44)
[2015.11.23-03.47.20:438][418]LogModuleManager: Shutting down and abandoning module ProceduralMeshComponent (43)
[2015.11.23-03.47.20:439][418]LogModuleManager: Shutting down and abandoning module OculusRift (42)
[2015.11.23-03.47.20:440][418]LogModuleManager: Shutting down and abandoning module OculusLibrary (41)
[2015.11.23-03.47.20:440][418]LogModuleManager: Shutting down and abandoning module CustomMeshComponent (40)
[2015.11.23-03.47.20:440][418]LogModuleManager: Shutting down and abandoning module CableComponent (39)
[2015.11.23-03.47.20:440][418]LogModuleManager: Shutting down and abandoning module ArchVisCharacter (38)
[2015.11.23-03.47.20:441][418]LogModuleManager: Shutting down and abandoning module UnnamedRPG (37)
[2015.11.23-03.47.20:441][418]LogModuleManager: Shutting down and abandoning module UdpMessaging (36)
[2015.11.23-03.47.20:441][418]LogModuleManager: Shutting down and abandoning module LightPropagationVolumeRuntime (35)
[2015.11.23-03.47.20:442][418]LogModuleManager: Shutting down and abandoning module Paper2D (34)
[2015.11.23-03.47.20:442][418]LogModuleManager: Shutting down and abandoning module Media (33)
[2015.11.23-03.47.20:442][418]LogModuleManager: Shutting down and abandoning module WmfMedia (32)
[2015.11.23-03.47.20:442][418]LogModuleManager: Shutting down and abandoning module WindowsMoviePlayer (31)
[2015.11.23-03.47.20:445][418]LogModuleManager: Shutting down and abandoning module ImageWrapper (30)
[2015.11.23-03.47.20:446][418]LogModuleManager: Shutting down and abandoning module UMG (29)
[2015.11.23-03.47.20:446][418]LogModuleManager: Shutting down and abandoning module Slate (28)
[2015.11.23-03.47.20:446][418]LogModuleManager: Shutting down and abandoning module SessionServices (27)
[2015.11.23-03.47.20:447][418]LogModuleManager: Shutting down and abandoning module Messaging (26)
[2015.11.23-03.47.20:447][418]LogModuleManager: Shutting down and abandoning module HeadMountedDisplay (25)
[2015.11.23-03.47.20:447][418]LogModuleManager: Shutting down and abandoning module XAudio2 (24)
[2015.11.23-03.47.20:447][418]LogModuleManager: Shutting down and abandoning module Networking (22)
[2015.11.23-03.47.20:448][418]LogModuleManager: Shutting down and abandoning module Core (21)
[2015.11.23-03.47.20:448][418]LogModuleManager: Shutting down and abandoning module LeapMotionController (20)
[2015.11.23-03.47.20:462][418]LogModuleManager: Shutting down and abandoning module InputCore (19)
[2015.11.23-03.47.20:463][418]LogModuleManager: Shutting down and abandoning module OnlineSubsystem (17)
[2015.11.23-03.47.20:463][418]LogModuleManager: Shutting down and abandoning module HTTP (16)
[2015.11.23-03.47.21:468][418]LogModuleManager: Shutting down and abandoning module ExampleDeviceProfileSelector (15)
[2015.11.23-03.47.21:469][418]LogModuleManager: Shutting down and abandoning module ShaderCore (14)
[2015.11.23-03.47.21:469][418]LogModuleManager: Shutting down and abandoning module Landscape (13)
[2015.11.23-03.47.21:469][418]LogModuleManager: Shutting down and abandoning module SlateRHIRenderer (12)
[2015.11.23-03.47.21:469][418]LogModuleManager: Shutting down and abandoning module OpenGLDrv (11)
[2015.11.23-03.47.21:470][418]LogModuleManager: Shutting down and abandoning module D3D11RHI (10)
[2015.11.23-03.47.21:470][418]LogModuleManager: Shutting down and abandoning module AnimGraphRuntime (9)
[2015.11.23-03.47.21:470][418]LogModuleManager: Shutting down and abandoning module Renderer (8)
[2015.11.23-03.47.21:470][418]LogModuleManager: Shutting down and abandoning module Engine (7)
[2015.11.23-03.47.21:471][418]LogModuleManager: Shutting down and abandoning module CoreUObject (6)
[2015.11.23-03.47.21:471][418]LogModuleManager: Shutting down and abandoning module NetworkFile (5)
[2015.11.23-03.47.21:471][418]LogModuleManager: Shutting down and abandoning module StreamingFile (4)
[2015.11.23-03.47.21:471][418]LogModuleManager: Shutting down and abandoning module SandboxFile (3)
[2015.11.23-03.47.21:471][418]LogModuleManager: Shutting down and abandoning module PakFile (1)
[2015.11.23-03.47.21:474][418]LogExit: Exiting.
[2015.11.23-03.47.21:476][418]Log file closed, 11/22/15 22:47:21
