[2015.11.23-03.40.51:730][  0]Log file open, 11/22/15 22:40:51
[2015.11.23-03.40.51:730][  0]LogModuleManager:Warning: ModuleManager: Module 'HTTPChunkInstaller' not found - its StaticallyLinkedModuleInitializers function is null.
[2015.11.23-03.40.51:730][  0]LogInit:Display: No sandbox specified, assuming ../../../../../../../Program Files/Epic Games/4.9/../../../Users/alademm/Documents/Unreal Projects/UnnamedRPG/Saved/Cooked/WindowsNoEditor
[2015.11.23-03.40.51:730][  0]LogInit:Display: RandInit(1484735599) SRandInit(1484735599).
[2015.11.23-03.40.51:731][  0]LogTaskGraph: Started task graph with 4 named threads and 7 total threads.
[2015.11.23-03.40.51:731][  0]LogStats: Stats thread started at 0.057503
[2015.11.23-03.40.51:731][  0]LogInit: Version: 4.9.2-2707645+++depot+UE4-Releases+4.9
[2015.11.23-03.40.51:731][  0]LogInit: API Version: 2672455
[2015.11.23-03.40.51:732][  0]LogInit: Compiled (64-bit): Sep 28 2015 10:26:09
[2015.11.23-03.40.51:732][  0]LogInit: Compiled with Visual C++: 18.00.21005.01
[2015.11.23-03.40.51:732][  0]LogInit: Build Configuration: DebugGame
[2015.11.23-03.40.51:732][  0]LogInit: Branch Name: ++depot+UE4-Releases+4.9
[2015.11.23-03.40.51:733][  0]LogInit: Command line: 
[2015.11.23-03.40.51:733][  0]LogInit: Base directory: C:/Users/alademm/Documents/Unreal Projects/UnnamedRPG/Binaries/Win64/
[2015.11.23-03.40.51:733][  0]LogInit: Rocket: 1
[2015.11.23-03.40.51:740][  0]LogInit: Using libcurl 7.41.0
[2015.11.23-03.40.51:741][  0]LogInit:  - built for x86_64-pc-win32
[2015.11.23-03.40.51:741][  0]LogInit:  - supports SSL with WinSSL
[2015.11.23-03.40.51:741][  0]LogInit:  - other features:
[2015.11.23-03.40.51:742][  0]LogInit:      CURL_VERSION_SSL
[2015.11.23-03.40.51:742][  0]LogInit:      CURL_VERSION_IPV6
[2015.11.23-03.40.51:742][  0]LogInit:      CURL_VERSION_ASYNCHDNS
[2015.11.23-03.40.51:742][  0]LogInit:      CURL_VERSION_LARGEFILE
[2015.11.23-03.40.51:743][  0]LogInit:      CURL_VERSION_IDN
[2015.11.23-03.40.51:743][  0]LogInit:  CurlRequestOptions (configurable via config and command line):
[2015.11.23-03.40.51:743][  0]LogInit:  - bVerifyPeer = true  - Libcurl will verify peer certificate
[2015.11.23-03.40.51:744][  0]LogInit:  - bUseHttpProxy = false  - Libcurl will NOT use HTTP proxy
[2015.11.23-03.40.51:744][  0]LogInit:  - bDontReuseConnections = false  - Libcurl will reuse connections
[2015.11.23-03.40.51:744][  0]LogInit:  - CertBundlePath = nullptr  - Libcurl will use whatever was configured at build time.
[2015.11.23-03.40.51:747][  0]LogInit: Presizing for 0 objects not considered by GC, pre-allocating 0 bytes.
[2015.11.23-03.40.51:756][  0]LogInit: Object subsystem initialized
[2015.11.23-03.40.51:764][  0]LogInit: Selected Device Profile: [WindowsNoEditor]
[2015.11.23-03.40.51:764][  0]LogInit: Applying CVar settings loaded from the selected device profile: [WindowsNoEditor]
[2015.11.23-03.40.51:773][  0]LogInit: Computer: MBONEZ
[2015.11.23-03.40.51:774][  0]LogInit: User: alademm
[2015.11.23-03.40.51:774][  0]LogInit: CPU Page size=4096, Cores=4
[2015.11.23-03.40.51:774][  0]LogInit: High frequency timer resolution =2.338346 MHz
[2015.11.23-03.40.51:775][  0]LogMemory: Memory total: Physical=11.9GB (12GB approx)
[2015.11.23-03.40.51:775][  0]LogMemory: Platform Memory Stats for WindowsNoEditor
[2015.11.23-03.40.51:775][  0]LogMemory: Process Physical Memory: 37.80 MB used, 37.80 MB peak
[2015.11.23-03.40.51:776][  0]LogMemory: Process Virtual Memory: 52.00 MB used, 52.00 MB peak
[2015.11.23-03.40.51:776][  0]LogMemory: Physical Memory: 6752.74 MB used, 12171.25 MB total
[2015.11.23-03.40.51:776][  0]LogMemory: Virtual Memory: 247.14 MB used, 134217728.00 MB total
[2015.11.23-03.40.51:895][  0]LogTextLocalizationManager: No translations for ('en-US') exist, falling back to 'en' for localization and internationalization data.
[2015.11.23-03.40.52:114][  0]LogD3D11RHI: Found D3D11 adapter 0: NVIDIA GeForce GT 750M (Feature Level 11_0)
[2015.11.23-03.40.52:115][  0]LogD3D11RHI: Adapter has 4029MB of dedicated video memory, 0MB of dedicated system memory, and 6085MB of shared system memory, 1 output[s]
[2015.11.23-03.40.52:132][  0]LogD3D11RHI: Found D3D11 adapter 1: Intel(R) HD Graphics 4600 (Feature Level 11_0)
[2015.11.23-03.40.52:132][  0]LogD3D11RHI: Adapter has 112MB of dedicated video memory, 0MB of dedicated system memory, and 6085MB of shared system memory, 0 output[s]
[2015.11.23-03.40.52:137][  0]LogD3D11RHI: Found D3D11 adapter 2: Microsoft Basic Render Driver (Feature Level 11_0)
[2015.11.23-03.40.52:137][  0]LogD3D11RHI: Adapter has 0MB of dedicated video memory, 0MB of dedicated system memory, and 6085MB of shared system memory, 0 output[s]
[2015.11.23-03.40.52:138][  0]LogD3D11RHI: Chosen D3D11 Adapter Id = 0
[2015.11.23-03.40.52:142][  0]LogD3D11RHI: !Direct3DDevice
[2015.11.23-03.40.52:143][  0]LogRHI: Texture pool is 1361 MB (70% of 1945 MB)
[2015.11.23-03.40.52:236][  0]LogD3D11RHI: Async texture creation enabled
[2015.11.23-03.40.52:393][  0]LogInit: Selected Device Profile: [WindowsNoEditor]
[2015.11.23-03.40.52:394][  0]LogContentStreaming: Texture pool size is 1000.000000MB
[2015.11.23-03.40.52:534][  0]LogInit: WinSock: version 1.1 (2.2), MaxSocks=32767, MaxUdp=65467
[2015.11.23-03.40.52:711][  0]LogWindowsMoviePlayer: Unable to load movie: ../../../../../../../Program Files/Epic Games/4.9/../../../Users/alademm/Documents/Unreal Projects/UnnamedRPG/Content/Movies/Default_Startup.mp4
[2015.11.23-03.40.52:756][  0]LogObj: 23586 objects as part of root set at end of initial load.
[2015.11.23-03.40.52:756][  0]LogUObjectAllocator: 4676080 out of 0 bytes used by permanent object pool.
[2015.11.23-03.40.52:772][  0]LogEngine: Initializing Engine...
[2015.11.23-03.40.52:788][  0]LogHMD: Can't find Oculus library dev build: is proper Runtime installed? Version: 0.7.0.0
[2015.11.23-03.40.52:796][  0]LogHMD: SteamVR failed to initialize.  Err: 110
[2015.11.23-03.40.52:871][  0]LogInit: XAudio2 using 'Speakers (Realtek High Definition Audio)' : 2 channels at 48 kHz using 32 bits per sample (channel mask 0x3)
[2015.11.23-03.40.52:892][  0]LogInit: FAudioDevice initialized.
[2015.11.23-03.40.52:893][  0]LogInit: Texture streaming: Enabled
[2015.11.23-03.40.52:893][  0]LogAnalytics: Creating configured Analytics provider AnalyticsET
[2015.11.23-03.40.52:894][  0]LogAnalytics: [UEGame.Rocket.Release|95E017EF4F8F64056153908DE50DC911|Top Down Game Template] APIServer = http://et2.epicgames.com/ET2/. AppVersion = 4.9.2-2707645+++depot+UE4-Releases+4.9
[2015.11.23-03.40.52:894][  0]LogAnalytics: [UEGame.Rocket.Release|95E017EF4F8F64056153908DE50DC911|Top Down Game Template] SetUserId 69afed8f429688c10ae2f7bb1cfad59c|9334e3cac41e438ab6cfbf8b7e823aed|591e9765-177c-4525-877b-936d03527357
[2015.11.23-03.40.52:894][  0]LogAnalytics: [UEGame.Rocket.Release|95E017EF4F8F64056153908DE50DC911|Top Down Game Template] AnalyticsET::StartSession
[2015.11.23-03.40.52:918][  0]LogAssetRegistry: FAssetRegistry took 0.0063 seconds to start up
[2015.11.23-03.40.52:925][  0]LogUObjectGlobals:Warning: Failed to find object 'Object /Game/Quests/TestQuest.TestQuest'
[2015.11.23-03.41.17:748][  0]LogNet: Browse: /Game/TopDownCPP/Maps/TopDownExampleMap?Name=Player
[2015.11.23-03.41.17:749][  0]LogLoad: LoadMap: /Game/TopDownCPP/Maps/TopDownExampleMap?Name=Player
[2015.11.23-03.41.17:757][  0]LogParticles: Destroying 0 GPU particle simulations for FXSystem 0x00000036E10C5820
[2015.11.23-03.41.17:764][  0]LogMemory: Platform Memory Stats for WindowsNoEditor
[2015.11.23-03.41.17:765][  0]LogMemory: Process Physical Memory: 154.91 MB used, 154.91 MB peak
[2015.11.23-03.41.17:765][  0]LogMemory: Process Virtual Memory: 232.96 MB used, 232.96 MB peak
[2015.11.23-03.41.17:765][  0]LogMemory: Physical Memory: 6986.05 MB used, 12171.25 MB total
[2015.11.23-03.41.17:765][  0]LogMemory: Virtual Memory: 594.00 MB used, 134217728.00 MB total
[2015.11.23-03.41.17:766][  0]LogMemory: 
[2015.11.23-03.41.17:766][  0]LogMemory: Allocator Stats for binned:
[2015.11.23-03.41.17:767][  0]LogMemory: Current Memory 41.83 MB used, plus 4.70 MB waste
[2015.11.23-03.41.17:767][  0]LogMemory: Peak Memory 50.19 MB used, plus 2.97 MB waste
[2015.11.23-03.41.17:767][  0]LogMemory: Current OS Memory 46.53 MB, peak 53.16 MB
[2015.11.23-03.41.17:767][  0]LogMemory: Current Waste 0.79 MB, peak 1.04 MB
[2015.11.23-03.41.17:768][  0]LogMemory: Current Used 41.83 MB, peak 50.19 MB
[2015.11.23-03.41.17:768][  0]LogMemory: Current Slack 3.91 MB
[2015.11.23-03.41.17:768][  0]LogMemory: Allocs       95196 Current /  1340563 Total
[2015.11.23-03.41.17:768][  0]LogMemory: 
[2015.11.23-03.41.17:768][  0]LogMemory: Block Size Num Pools Max Pools Cur Allocs Total Allocs Min Req Max Req Mem Used Mem Slack Mem Waste Efficiency
[2015.11.23-03.41.17:769][  0]LogMemory: ---------- --------- --------- ---------- ------------ ------- ------- -------- --------- --------- ----------
[2015.11.23-03.41.17:769][  0]LogMemory:          8         0         0          0            0       8       0       0K        0K        0K    100.00%
[2015.11.23-03.41.17:769][  0]LogMemory:         16         3         3      11757       415141      16      16     183K        9K        0K    100.00%
[2015.11.23-03.41.17:769][  0]LogMemory:         32         8         8      14162        94505      17      32     442K       70K       27K     94.73%
[2015.11.23-03.41.17:769][  0]LogMemory:         48         5         5       5833        35831      33      48     273K       47K       31K     90.31%
[2015.11.23-03.41.17:770][  0]LogMemory:         64        15        15      14687        83775      49      64     917K       43K      107K     88.85%
[2015.11.23-03.41.17:770][  0]LogMemory:         80         7         7       4923        47153      65      80     384K       64K       35K     92.19%
[2015.11.23-03.41.17:770][  0]LogMemory:         96         4         4       2696        30047      81      96     252K        4K       16K     93.75%
[2015.11.23-03.41.17:770][  0]LogMemory:        112         3         3       1256        31505      97     112     137K       55K        8K     95.83%
[2015.11.23-03.41.17:770][  0]LogMemory:        128        34        34      17180        49938     114     128    2147K       29K       74K     96.60%
[2015.11.23-03.41.17:771][  0]LogMemory:        160         8         8       3176        89516     129     160     496K       16K       45K     91.21%
[2015.11.23-03.41.17:771][  0]LogMemory:        192        18        18       5648       122358     161     192    1059K       92K       76K     93.40%
[2015.11.23-03.41.17:771][  0]LogMemory:        224         5         5       1169       155104     193     224     255K       65K       16K     95.00%
[2015.11.23-03.41.17:771][  0]LogMemory:        256         4         4        862        49345     225     256     215K       41K       14K     94.53%
[2015.11.23-03.41.17:771][  0]LogMemory:        288         5         5       1053        30383     257     288     296K       24K       15K     95.31%
[2015.11.23-03.41.17:772][  0]LogMemory:        320         5         5        854        27130     290     320     266K       53K       16K     95.00%
[2015.11.23-03.41.17:772][  0]LogMemory:        384        15        15       2379        26108     322     384     892K       65K       98K     89.79%
[2015.11.23-03.41.17:772][  0]LogMemory:        448        13        13       1829         7680     385     448     800K       31K       57K     93.15%
[2015.11.23-03.41.17:772][  0]LogMemory:        512        11        11       1264         8159     449     512     632K       72K       39K     94.46%
[2015.11.23-03.41.17:773][  0]LogMemory:        576         6         6        524        10602     513     576     294K       88K       15K     96.09%
[2015.11.23-03.41.17:773][  0]LogMemory:        640        11        11        711         1886     577     640     444K      258K       25K     96.45%
[2015.11.23-03.41.17:773][  0]LogMemory:        704        11        13        703         1826     641     704     483K      221K       24K     96.59%
[2015.11.23-03.41.17:773][  0]LogMemory:        768         6         6        338         2966     705     768     253K      130K        7K     98.18%
[2015.11.23-03.41.17:774][  0]LogMemory:        896         4         4        217          497     769     896     189K       67K       10K     96.09%
[2015.11.23-03.41.17:774][  0]LogMemory:       1024         3         4        160          571     897    1024     160K       32K        4K     97.92%
[2015.11.23-03.41.17:774][  0]LogMemory:       1168         3         3        129          515    1025    1168     147K       45K        8K     95.83%
[2015.11.23-03.41.17:774][  0]LogMemory:       1360         6         6        214         3315    1172    1360     284K       99K       18K     95.31%
[2015.11.23-03.41.17:774][  0]LogMemory:       1632         7         7        209          580    1361    1632     333K      114K       29K     93.53%
[2015.11.23-03.41.17:775][  0]LogMemory:       2048        11        11        197          828    1633    2048     394K      310K       46K     93.47%
[2015.11.23-03.41.17:775][  0]LogMemory:       2336         4         4         74         3601    2050    2336     168K       88K       18K     92.97%
[2015.11.23-03.41.17:775][  0]LogMemory:       2720         5         5         93          479    2344    2717     247K       72K       12K     96.25%
[2015.11.23-03.41.17:775][  0]LogMemory:       3264         9         9        126         2267    2721    3264     401K      173K       22K     96.18%
[2015.11.23-03.41.17:775][  0]LogMemory:       4096        14        16        163          788    3265    4096     652K      244K       51K     94.31%
[2015.11.23-03.41.17:775][  0]LogMemory:       4672        11        12        110         1605    4101    4666     501K      202K       19K     97.30%
[2015.11.23-03.41.17:776][  0]LogMemory:       5456        12        16        112          424    4673    5433     596K      172K       54K     92.97%
[2015.11.23-03.41.17:776][  0]LogMemory:       6544        13        14         87          318    5465    6537     555K      276K       46K     94.47%
[2015.11.23-03.41.17:776][  0]LogMemory:       8192        10        11         62         1548    6560    8192     496K      144K       61K     90.47%
[2015.11.23-03.41.17:776][  0]LogMemory:       9360         7         7         39          117    8200    9360     356K       92K       20K     95.54%
[2015.11.23-03.41.17:777][  0]LogMemory:      10912         9         9         46           95    9368   10908     490K       86K       34K     94.10%
[2015.11.23-03.41.17:777][  0]LogMemory:      13104         5         5         23          104   10920   13094     294K       26K       22K     93.13%
[2015.11.23-03.41.17:777][  0]LogMemory:      16384         8        10         29          177   13120   16384     464K       48K       35K     93.16%
[2015.11.23-03.41.17:777][  0]LogMemory:      21840        12        14         33          152   16416   21829     703K       65K      110K     85.68%
[2015.11.23-03.41.17:777][  0]LogMemory:      32768         8         9         14          155   21852   32698     448K       64K       93K     81.84%
[2015.11.23-03.41.17:778][  0]LogMemory: 
[2015.11.23-03.41.17:778][  0]LogMemory: 22912K allocated in pools (with 3896K slack and 1457K waste). Efficiency 93.64%
[2015.11.23-03.41.17:778][  0]LogMemory: Allocations 95142 Current / 1339095 Total (in 358 pools)
[2015.11.23-03.41.17:778][  0]LogMemory: 
[2015.11.23-03.41.17:818][  0]LogModuleManager:Warning: ModuleManager: Module 'GameplayDebugger' not found - its StaticallyLinkedModuleInitializers function is null.
[2015.11.23-03.41.17:819][  0]LogAIModule: Creating AISystem for world TopDownExampleMap
[2015.11.23-03.41.17:820][  0]LogWorld: Game class is 'UnnamedRPGGameMode'
[2015.11.23-03.41.17:824][  0]LogWorld: Bringing World /Game/TopDownCPP/Maps/TopDownExampleMap.TopDownExampleMap up for play (max tick rate 0) at 2015.11.22-22.41.17
[2015.11.23-03.41.17:826][  0]LogWorld: Bringing up level for play took: 0.004687
[2015.11.23-03.41.21:082][  0]LogInit: