"C:/work/tgame/unreal-rpg-game/UnnamedRPG/UnnamedRPG.uproject" 1
"../../../Engine/Plugins/2D/Paper2D/Paper2D.uplugin" 2
"../../../Engine/Plugins/Blendables/LightPropagationVolume/LightPropagationVolume.uplugin" 3
"../../../Engine/Plugins/Developer/BlankPlugin/BlankPlugin.uplugin" 4
"../../../Engine/Plugins/Developer/CodeLiteSourceCodeAccess/CodeLiteSourceCodeAccess.uplugin" 5
"../../../Engine/Plugins/Developer/GitSourceControl/GitSourceControl.uplugin" 6
"../../../Engine/Plugins/Developer/KDevelopSourceCodeAccess/KDevelopSourceCodeAccess.uplugin" 7
"../../../Engine/Plugins/Developer/NullSourceCodeAccess/NullSourceCodeAccess.uplugin" 8
"../../../Engine/Plugins/Developer/OneSkyLocalizationService/OneSkyLocalizationService.uplugin" 9
"../../../Engine/Plugins/Developer/PerforceSourceControl/PerforceSourceControl.uplugin" 10
"../../../Engine/Plugins/Developer/SubversionSourceControl/SubversionSourceControl.uplugin" 11
"../../../Engine/Plugins/Developer/UObjectPlugin/UObjectPlugin.uplugin" 12
"../../../Engine/Plugins/Developer/VisualStudioSourceCodeAccess/VisualStudioSourceCodeAccess.uplugin" 13
"../../../Engine/Plugins/Developer/XCodeSourceCodeAccess/XCodeSourceCodeAccess.uplugin" 14
"../../../Engine/Plugins/Editor/EpicSurvey/EpicSurvey.uplugin" 15
"../../../Engine/Plugins/Editor/MacGraphicsSwitching/MacGraphicsSwitching.uplugin" 16
"../../../Engine/Plugins/Editor/PluginBrowser/PluginBrowser.uplugin" 17
"../../../Engine/Plugins/Editor/SpeedTreeImporter/SpeedTreeImporter.uplugin" 18
"../../../Engine/Plugins/Experimental/BlueprintStats/BlueprintStats.uplugin" 19
"../../../Engine/Plugins/Experimental/CharacterAI/CharacterAI.uplugin" 20
"../../../Engine/Plugins/Experimental/CodeEditor/CodeEditor.uplugin" 21
"../../../Engine/Plugins/Experimental/CodeView/CodeView.uplugin" 22
"../../../Engine/Plugins/Experimental/HTML5Networking/HTML5Networking.uplugin" 23
"../../../Engine/Plugins/Experimental/LiveEditor/LiveEditor.uplugin" 24
"../../../Engine/Plugins/Experimental/Phya/Phya.uplugin" 25
"../../../Engine/Plugins/Experimental/SimpleHMD/SimpleHMD.uplugin" 26
"../../../Engine/Plugins/Experimental/StructBox/StructBox.uplugin" 27
"../../../Engine/Plugins/Media/AndroidMedia/AndroidMedia.uplugin" 28
"../../../Engine/Plugins/Media/AvfMedia/AvfMedia.uplugin" 29
"../../../Engine/Plugins/Media/MediaPlayerEditor/MediaPlayerEditor.uplugin" 30
"../../../Engine/Plugins/Media/WmfMedia/WmfMedia.uplugin" 31
"../../../Engine/Plugins/Messaging/MessagingDebugger/MessagingDebugger.uplugin" 32
"../../../Engine/Plugins/Messaging/UdpMessaging/UdpMessaging.uplugin" 33
"../../../Engine/Plugins/NetcodeUnitTest/NetcodeUnitTest/NetcodeUnitTest.uplugin" 34
"../../../Engine/Plugins/NetcodeUnitTest/NUTUnrealEngine4/NUTUnrealEngine4.uplugin" 35
"../../../Engine/Plugins/Runtime/Advertising/IOSTapJoy/IOSTapJoy.uplugin" 36
"../../../Engine/Plugins/Runtime/Analytics/AnalyticsBlueprintLibrary/AnalyticsBlueprintLibrary.uplugin" 37
"../../../Engine/Plugins/Runtime/Analytics/AnalyticsMulticast/AnalyticsMulticast.uplugin" 38
"../../../Engine/Plugins/Runtime/Analytics/Apsalar/IOSApsalar/IOSApsalar.uplugin" 39
"../../../Engine/Plugins/Runtime/Analytics/FileLogging/FileLogging.uplugin" 40
"../../../Engine/Plugins/Runtime/Analytics/Flurry/IOSFlurry/IOSFlurry.uplugin" 41
"../../../Engine/Plugins/Runtime/AndroidDeviceProfileSelector/AndroidDeviceProfileSelector.uplugin" 42
"../../../Engine/Plugins/Runtime/AndroidMoviePlayer/AndroidMoviePlayer.uplugin" 43
"../../../Engine/Plugins/Runtime/AppleMoviePlayer/AppleMoviePlayer.uplugin" 44
"../../../Engine/Plugins/Runtime/ArchVisCharacter/ArchVisCharacter.uplugin" 45
"../../../Engine/Plugins/Runtime/CableComponent/CableComponent.uplugin" 46
"../../../Engine/Plugins/Runtime/CustomMeshComponent/CustomMeshComponent.uplugin" 47
"../../../Engine/Plugins/Runtime/ExampleDeviceProfileSelector/ExampleDeviceProfileSelector.uplugin" 48
"../../../Engine/Plugins/Runtime/GearVR/GearVR.uplugin" 49
"../../../Engine/Plugins/Runtime/IOSDeviceProfileSelector/IOSDeviceProfileSelector.uplugin" 50
"../../../Engine/Plugins/Runtime/LeapMotionController/LeapMotionController.uplugin" 51
"../../../Engine/Plugins/Runtime/LiveEditorListenServer/LiveEditorListenServer.uplugin" 52
"../../../Engine/Plugins/Runtime/OculusAudio/OculusAudio.uplugin" 53
"../../../Engine/Plugins/Runtime/OculusLibrary/OculusLibrary.uplugin" 54
"../../../Engine/Plugins/Runtime/OculusRift/OculusRift.uplugin" 55
"../../../Engine/Plugins/Runtime/ProceduralMeshComponent/ProceduralMeshComponent.uplugin" 56
"../../../Engine/Plugins/Runtime/SoundMod/SoundMod.uplugin" 57
"../../../Engine/Plugins/Runtime/SoundVisualizations/SoundVisualizations.uplugin" 58
"../../../Engine/Plugins/Runtime/Steam/SteamController/SteamController.uplugin" 59
"../../../Engine/Plugins/Runtime/Steam/SteamVR/SteamVR.uplugin" 60
"../../../Engine/Plugins/Runtime/WebBrowserWidget/WebBrowserWidget.uplugin" 61
"../../../Engine/Plugins/Runtime/WindowsDeviceProfileSelector/WindowsDeviceProfileSelector.uplugin" 62
"../../../Engine/Plugins/Runtime/WindowsMoviePlayer/WindowsMoviePlayer.uplugin" 63
"../../../Engine/Plugins/ScriptGeneratorPlugin/ScriptGeneratorPlugin.uplugin" 64
"../../../Engine/Plugins/ScriptPlugin/ScriptPlugin.uplugin" 65
"../../../Engine/Plugins/Slate/SlateRemote/SlateRemote.uplugin" 66
"..\..\..\Engine\Content\Internationalization\icudt53l\cnvalias.icu" 67
"..\..\..\Engine\Content\Internationalization\icudt53l\en_US_POSIX.res" 68
"..\..\..\Engine\Content\Internationalization\icudt53l\pool.res" 69
"..\..\..\Engine\Content\Internationalization\icudt53l\en_US.res" 70
"..\..\..\Engine\Content\Internationalization\icudt53l\en.res" 71
"..\..\..\Engine\Content\Internationalization\icudt53l\root.res" 72
"C:/Users/alademm/AppData/Local/UnrealEngine/4.9/Saved/Config/Windows/Manifest.ini" 73
"../../../Engine/Config/Base.ini" 74
"../../../Engine/Config/BaseEngine.ini" 75
"C:/work/tgame/unreal-rpg-game/UnnamedRPG/Config/DefaultEngine.ini" 76
"../../../Engine/Config/Windows/WindowsEngine.ini" 77
"C:/work/tgame/unreal-rpg-game/UnnamedRPG/Saved/Config/Windows/Engine.ini" 78
"../../../../../../work/tgame/unreal-rpg-game/UnnamedRPG/Intermediate/Config/CoalescedSourceConfigs/Engine.ini" 79
"../../../Engine/Config/BaseGame.ini" 80
"C:/work/tgame/unreal-rpg-game/UnnamedRPG/Config/DefaultGame.ini" 81
"C:/work/tgame/unreal-rpg-game/UnnamedRPG/Saved/Config/Windows/Game.ini" 82
"../../../../../../work/tgame/unreal-rpg-game/UnnamedRPG/Intermediate/Config/CoalescedSourceConfigs/Game.ini" 83
"../../../Engine/Config/BaseInput.ini" 84
"C:/work/tgame/unreal-rpg-game/UnnamedRPG/Config/DefaultInput.ini" 85
"C:/work/tgame/unreal-rpg-game/UnnamedRPG/Saved/Config/Windows/Input.ini" 86
"../../../../../../work/tgame/unreal-rpg-game/UnnamedRPG/Intermediate/Config/CoalescedSourceConfigs/Input.ini" 87
"../../../Engine/Config/BaseEditor.ini" 88
"C:/work/tgame/unreal-rpg-game/UnnamedRPG/Config/DefaultEditor.ini" 89
"C:/work/tgame/unreal-rpg-game/UnnamedRPG/Saved/Config/Windows/Editor.ini" 90
"../../../../../../work/tgame/unreal-rpg-game/UnnamedRPG/Intermediate/Config/CoalescedSourceConfigs/Editor.ini" 91
"../../../Engine/Config/BaseEditorPerProjectUserSettings.ini" 92
"C:/work/tgame/unreal-rpg-game/UnnamedRPG/Config/DefaultEditorPerProjectUserSettings.ini" 93
"C:/work/tgame/unreal-rpg-game/UnnamedRPG/Saved/Config/Windows/EditorPerProjectUserSettings.ini" 94
"../../../../../../work/tgame/unreal-rpg-game/UnnamedRPG/Intermediate/Config/CoalescedSourceConfigs/EditorPerProjectUserSettings.ini" 95
"../../../Engine/Config/BaseEditorSettings.ini" 96
"C:/Users/alademm/AppData/Local/UnrealEngine/4.9/Saved/Config/Windows/EditorSettings.ini" 97
"../../../../../../work/tgame/unreal-rpg-game/UnnamedRPG/Intermediate/Config/CoalescedSourceConfigs/EditorSettings.ini" 98
"../../../Engine/Config/BaseEditorLayout.ini" 99
"C:/Users/alademm/AppData/Local/UnrealEngine/4.9/Saved/Config/Windows/EditorLayout.ini" 100
"../../../../../../work/tgame/unreal-rpg-game/UnnamedRPG/Intermediate/Config/CoalescedSourceConfigs/EditorLayout.ini" 101
"../../../Engine/Config/BaseEditorKeyBindings.ini" 102
"C:/Users/alademm/AppData/Local/UnrealEngine/4.9/Saved/Config/Windows/EditorKeyBindings.ini" 103
"../../../../../../work/tgame/unreal-rpg-game/UnnamedRPG/Intermediate/Config/CoalescedSourceConfigs/EditorKeyBindings.ini" 104
"../../../Engine/Config/BaseCompat.ini" 105
"C:/work/tgame/unreal-rpg-game/UnnamedRPG/Saved/Config/Windows/Compat.ini" 106
"../../../../../../work/tgame/unreal-rpg-game/UnnamedRPG/Intermediate/Config/CoalescedSourceConfigs/Compat.ini" 107
"../../../Engine/Config/BaseLightmass.ini" 108
"C:/work/tgame/unreal-rpg-game/UnnamedRPG/Saved/Config/Windows/Lightmass.ini" 109
"../../../../../../work/tgame/unreal-rpg-game/UnnamedRPG/Intermediate/Config/CoalescedSourceConfigs/Lightmass.ini" 110
"../../../Engine/Config/BaseScalability.ini" 111
"C:/work/tgame/unreal-rpg-game/UnnamedRPG/Saved/Config/Windows/Scalability.ini" 112
"../../../../../../work/tgame/unreal-rpg-game/UnnamedRPG/Intermediate/Config/CoalescedSourceConfigs/Scalability.ini" 113
"C:/work/tgame/unreal-rpg-game/UnnamedRPG/Saved/Config/Windows/GameUserSettings.ini" 114
"../../../../../../work/tgame/unreal-rpg-game/UnnamedRPG/Intermediate/Config/CoalescedSourceConfigs/GameUserSettings.ini" 115
"../../../Engine/Config/BaseDeviceProfiles.ini" 116
"C:/work/tgame/unreal-rpg-game/UnnamedRPG/Saved/Config/Windows/DeviceProfiles.ini" 117
"../../../../../../work/tgame/unreal-rpg-game/UnnamedRPG/Intermediate/Config/CoalescedSourceConfigs/DeviceProfiles.ini" 118
"../../../Engine/Config/ConsoleVariables.ini" 119
"..\..\..\Engine\Content\Internationalization\icudt53l\es.res" 120
"..\..\..\Engine\Content\Internationalization\icudt53l\ja.res" 121
"..\..\..\Engine\Content\Internationalization\icudt53l\ko.res" 122
"..\..\..\Engine\Content\Internationalization\icudt53l\pt_BR.res" 123
"..\..\..\Engine\Content\Internationalization\icudt53l\pt.res" 124
"..\..\..\Engine\Content\Internationalization\icudt53l\zh_CN.res" 125
"..\..\..\Engine\Content\Internationalization\icudt53l\zh_Hans_CN.res" 126
"..\..\..\Engine\Content\Internationalization\icudt53l\zh_Hans.res" 127
"..\..\..\Engine\Content\Internationalization\icudt53l\zh.res" 128
"C:/Program Files/Epic Games/4.9/Engine/Content/Localization/Editor/en/Editor.locres" 129
"C:/Program Files/Epic Games/4.9/Engine/Content/Localization/EditorTutorials/en/EditorTutorials.locres" 130
"C:/Program Files/Epic Games/4.9/Engine/Content/Localization/Keywords/en/Keywords.locres" 131
"C:/Program Files/Epic Games/4.9/Engine/Content/Localization/Category/en/Category.locres" 132
"C:/Program Files/Epic Games/4.9/Engine/Content/Localization/ToolTips/en/ToolTips.locres" 133
"C:/Program Files/Epic Games/4.9/Engine/Content/Localization/PropertyNames/en/PropertyNames.locres" 134
"C:/Program Files/Epic Games/4.9/Engine/Content/Localization/Engine/en/Engine.locres" 135
"../../../Engine/Content/Slate/Fonts/Roboto-Regular.ttf" 136
"../../../Engine/Content/Slate/Fonts/DroidSansMono.ttf" 137
"../../../Engine/Content/Slate/Fonts/Roboto-Bold.ttf" 138
"../../../Engine/Content/Slate/Fonts/Roboto-Light.ttf" 139
"C:/Program Files/Epic Games/4.9/Engine/Binaries/Win64/../../../Engine/Shaders/ParticleSpriteVertexFactory.usf" 140
"C:/Program Files/Epic Games/4.9/Engine/Binaries/Win64/../../../Engine/Shaders/VertexFactoryCommon.usf" 141
"C:/Program Files/Epic Games/4.9/Engine/Binaries/Win64/../../../Engine/Shaders/Common.usf" 142
"C:/Program Files/Epic Games/4.9/Engine/Binaries/Win64/../../../Engine/Shaders/MetalCommon.usf" 143
"C:/Program Files/Epic Games/4.9/Engine/Binaries/Win64/../../../Engine/Shaders/ShaderVersion.usf" 144
"C:/Program Files/Epic Games/4.9/Engine/Binaries/Win64/../../../Engine/Shaders/CommonViewUniformBuffer.usf" 145
"C:/Program Files/Epic Games/4.9/Engine/Binaries/Win64/../../../Engine/Shaders/Definitions.usf" 146
"C:/Program Files/Epic Games/4.9/Engine/Binaries/Win64/../../../Engine/Shaders/Random.usf" 147
"C:/Program Files/Epic Games/4.9/Engine/Binaries/Win64/../../../Engine/Shaders/ParticleVertexFactoryCommon.usf" 148
"C:/Program Files/Epic Games/4.9/Engine/Binaries/Win64/../../../Engine/Shaders/ParticleGPUSpriteVertexFactory.usf" 149
"C:/Program Files/Epic Games/4.9/Engine/Binaries/Win64/../../../Engine/Shaders/ParticleBeamTrailVertexFactory.usf" 150
"C:/Program Files/Epic Games/4.9/Engine/Binaries/Win64/../../../Engine/Shaders/LocalVertexFactory.usf" 151
"C:/Program Files/Epic Games/4.9/Engine/Binaries/Win64/../../../Engine/Shaders/LocalVertexFactoryCommon.usf" 152
"C:/Program Files/Epic Games/4.9/Engine/Binaries/Win64/../../../Engine/Shaders/VectorFieldVisualizationVertexFactory.usf" 153
"C:/Program Files/Epic Games/4.9/Engine/Binaries/Win64/../../../Engine/Shaders/MeshParticleVertexFactory.usf" 154
"C:/Program Files/Epic Games/4.9/Engine/Binaries/Win64/../../../Engine/Shaders/GpuSkinVertexFactory.usf" 155
"C:/Program Files/Epic Games/4.9/Engine/Binaries/Win64/../../../Engine/Shaders/GpuSkinCacheCommon.usf" 156
"C:/Program Files/Epic Games/4.9/Engine/Binaries/Win64/../../../Engine/Shaders/LandscapeVertexFactory.usf" 157
"C:/Program Files/Epic Games/4.9/Engine/Binaries/Win64/../../../Engine/Shaders/SlateElementPixelShader.usf" 158
"C:/Program Files/Epic Games/4.9/Engine/Binaries/Win64/../../../Engine/Shaders/GammaCorrectionCommon.usf" 159
"C:/Program Files/Epic Games/4.9/Engine/Binaries/Win64/../../../Engine/Shaders/MaterialTemplate.usf" 160
"C:/Program Files/Epic Games/4.9/Engine/Binaries/Win64/../../../Engine/Shaders/DepthOfFieldCommon.usf" 161
"C:/Program Files/Epic Games/4.9/Engine/Binaries/Win64/../../../Engine/Shaders/GlobalDistanceFieldShared.usf" 162
"C:/Program Files/Epic Games/4.9/Engine/Binaries/Win64/../../../Engine/Shaders/SpeedTreeCommon.usf" 163
"C:/Program Files/Epic Games/4.9/Engine/Binaries/Win64/../../../Engine/Shaders/AtmosphereCommon.usf" 164
"C:/Program Files/Epic Games/4.9/Engine/Binaries/Win64/../../../Engine/Shaders/PaniniProjection.usf" 165
"C:/Program Files/Epic Games/4.9/Engine/Binaries/Win64/../../../Engine/Shaders/EyeAdaptationCommon.usf" 166
"C:/Program Files/Epic Games/4.9/Engine/Binaries/Win64/../../../Engine/Shaders/PostProcessCommon.usf" 167
"C:/Program Files/Epic Games/4.9/Engine/Binaries/Win64/../../../Engine/Shaders/DeferredShadingCommon.usf" 168
"C:/Program Files/Epic Games/4.9/Engine/Binaries/Win64/../../../Engine/Shaders/LightAccumulator.usf" 169
"C:/Program Files/Epic Games/4.9/Engine/Binaries/Win64/../../../Engine/Shaders/SlateVertexShader.usf" 170
"C:/Program Files/Epic Games/4.9/Engine/Binaries/Win64/../../../Engine/Shaders/ParticleSortKeyGen.usf" 171
"C:/Program Files/Epic Games/4.9/Engine/Binaries/Win64/../../../Engine/Shaders/ParticleBoundsShader.usf" 172
"C:/Program Files/Epic Games/4.9/Engine/Binaries/Win64/../../../Engine/Shaders/ParticleSimVisualizeShader.usf" 173
"C:/Program Files/Epic Games/4.9/Engine/Binaries/Win64/../../../Engine/Shaders/ParticleInjectionShader.usf" 174
"C:/Program Files/Epic Games/4.9/Engine/Binaries/Win64/../../../Engine/Shaders/ParticleSimulationShader.usf" 175
"C:/Program Files/Epic Games/4.9/Engine/Binaries/Win64/../../../Engine/Shaders/ParticleCurveInjectionShader.usf" 176
"C:/Program Files/Epic Games/4.9/Engine/Binaries/Win64/../../../Engine/Shaders/VectorFieldCompositeShaders.usf" 177
"C:/Program Files/Epic Games/4.9/Engine/Binaries/Win64/../../../Engine/Shaders/UpdateTextureShaders.usf" 178
"C:/Program Files/Epic Games/4.9/Engine/Binaries/Win64/../../../Engine/Shaders/SimpleElementColorChannelMaskPixelShader.usf" 179
"C:/Program Files/Epic Games/4.9/Engine/Binaries/Win64/../../../Engine/Shaders/SimpleElementPixelShader.usf" 180
"C:/Program Files/Epic Games/4.9/Engine/Binaries/Win64/../../../Engine/Shaders/ColorUtils.usf" 181
"C:/Program Files/Epic Games/4.9/Engine/Binaries/Win64/../../../Engine/Shaders/IESLightProfilesCommon.usf" 182
"C:/Program Files/Epic Games/4.9/Engine/Binaries/Win64/../../../Engine/Shaders/SimpleElementHitProxyPixelShader.usf" 183
"C:/Program Files/Epic Games/4.9/Engine/Binaries/Win64/../../../Engine/Shaders/SimpleElementVertexShader.usf" 184
"C:/Program Files/Epic Games/4.9/Engine/Binaries/Win64/../../../Engine/Shaders/ScreenVertexShader.usf" 185
"C:/Program Files/Epic Games/4.9/Engine/Binaries/Win64/../../../Engine/Shaders/ScreenPixelShader.usf" 186
"C:/Program Files/Epic Games/4.9/Engine/Binaries/Win64/../../../Engine/Shaders/RadixSortShaders.usf" 187
"C:/Program Files/Epic Games/4.9/Engine/Binaries/Win64/../../../Engine/Shaders/GpuSkinCacheComputeShader.usf" 188
"C:/Program Files/Epic Games/4.9/Engine/Binaries/Win64/../../../Engine/Shaders/NullPixelShader.usf" 189
"C:/Program Files/Epic Games/4.9/Engine/Binaries/Win64/../../../Engine/Shaders/LandscapeGrassWeight.usf" 190
"C:/Program Files/Epic Games/4.9/Engine/Binaries/Win64/../../../Engine/Shaders/VisualizeTexture.usf" 191
"C:/Program Files/Epic Games/4.9/Engine/Binaries/Win64/../../../Engine/Shaders/ScreenSpaceReflections.usf" 192
"C:/Program Files/Epic Games/4.9/Engine/Binaries/Win64/../../../Engine/Shaders/BRDF.usf" 193
"C:/Program Files/Epic Games/4.9/Engine/Binaries/Win64/../../../Engine/Shaders/MonteCarlo.usf" 194
"C:/Program Files/Epic Games/4.9/Engine/Binaries/Win64/../../../Engine/Shaders/ScreenSpaceRayCast.usf" 195
"C:/Program Files/Epic Games/4.9/Engine/Binaries/Win64/../../../Engine/Shaders/FilterVertexShader.usf" 196
"C:/Program Files/Epic Games/4.9/Engine/Binaries/Win64/../../../Engine/Shaders/FilterPixelShader.usf" 197
"C:/Program Files/Epic Games/4.9/Engine/Binaries/Win64/../../../Engine/Shaders/PostProcessVisualizeHDR.usf" 198
"C:/Program Files/Epic Games/4.9/Engine/Binaries/Win64/../../../Engine/Shaders/PostProcessHistogramCommon.usf" 199
"C:/Program Files/Epic Games/4.9/Engine/Binaries/Win64/../../../Engine/Shaders/TonemapCommon.usf" 200
"C:/Program Files/Epic Games/4.9/Engine/Binaries/Win64/../../../Engine/Shaders/ACES.usf" 201
"C:/Program Files/Epic Games/4.9/Engine/Binaries/Win64/../../../Engine/Shaders/MiniFontCommon.usf" 202
"C:/Program Files/Epic Games/4.9/Engine/Binaries/Win64/../../../Engine/Shaders/PostProcessVisualizeBuffer.usf" 203
"C:/Program Files/Epic Games/4.9/Engine/Binaries/Win64/../../../Engine/Shaders/PostProcessUpscale.usf" 204
"C:/Program Files/Epic Games/4.9/Engine/Binaries/Win64/../../../Engine/Shaders/PostProcessTonemap.usf" 205
"C:/Program Files/Epic Games/4.9/Engine/Binaries/Win64/../../../Engine/Shaders/PostProcessTestImage.usf" 206
"C:/Program Files/Epic Games/4.9/Engine/Binaries/Win64/../../../Engine/Shaders/PostProcessTemporalAA.usf" 207
"C:/Program Files/Epic Games/4.9/Engine/Binaries/Win64/../../../Engine/Shaders/PostProcessTemporalCommon.usf" 208
"C:/Program Files/Epic Games/4.9/Engine/Binaries/Win64/../../../Engine/Shaders/PostProcessSubsurface.usf" 209
"C:/Program Files/Epic Games/4.9/Engine/Binaries/Win64/../../../Engine/Shaders/SeparableSSS.usf" 210
"C:/Program Files/Epic Games/4.9/Engine/Binaries/Win64/../../../Engine/Shaders/PostProcessSelectionOutline.usf" 211
"C:/Program Files/Epic Games/4.9/Engine/Binaries/Win64/../../../Engine/Shaders/PostProcessSceneColorFringe.usf" 212
"C:/Program Files/Epic Games/4.9/Engine/Binaries/Win64/../../../Engine/Shaders/PostProcessNoiseBlur.usf" 213
"C:/Program Files/Epic Games/4.9/Engine/Binaries/Win64/../../../Engine/Shaders/PostProcessMotionBlur.usf" 214
"C:/Program Files/Epic Games/4.9/Engine/Binaries/Win64/../../../Engine/Shaders/FastMath.usf" 215
"C:/Program Files/Epic Games/4.9/Engine/Binaries/Win64/../../../Engine/Shaders/PostProcessVelocityFlatten.usf" 216
"C:/Program Files/Epic Games/4.9/Engine/Binaries/Win64/../../../Engine/Shaders/MorpheusInclude.usf" 217
"C:/Program Files/Epic Games/4.9/Engine/Binaries/Win64/../../../Engine/Shaders/PostProcessMobile.usf" 218
"C:/Program Files/Epic Games/4.9/Engine/Binaries/Win64/../../../Engine/Shaders/PostProcessMaterialShaders.usf" 219
"C:/Program Files/Epic Games/4.9/Engine/Binaries/Win64/../../../Engine/Shaders/PostProcessLensFlares.usf" 220
"C:/Program Files/Epic Games/4.9/Engine/Binaries/Win64/../../../Engine/Shaders/PostProcessLensBlur.usf" 221
"C:/Program Files/Epic Games/4.9/Engine/Binaries/Win64/../../../Engine/Shaders/PostProcessBloom.usf" 222
"C:/Program Files/Epic Games/4.9/Engine/Binaries/Win64/../../../Engine/Shaders/PostProcessHMD.usf" 223
"C:/Program Files/Epic Games/4.9/Engine/Binaries/Win64/../../../Engine/Shaders/PostProcessHistogramReduce.usf" 224
"C:/Program Files/Epic Games/4.9/Engine/Binaries/Win64/../../../Engine/Shaders/PostProcessHistogram.usf" 225
"C:/Program Files/Epic Games/4.9/Engine/Binaries/Win64/../../../Engine/Shaders/PostProcessHierarchical.usf" 226
"C:/Program Files/Epic Games/4.9/Engine/Binaries/Win64/../../../Engine/Shaders/PostProcessGBufferHints.usf" 227
"C:/Program Files/Epic Games/4.9/Engine/Binaries/Win64/../../../Engine/Shaders/PostProcessEyeAdaptation.usf" 228
"C:/Program Files/Epic Games/4.9/Engine/Binaries/Win64/../../../Engine/Shaders/PostProcessDownsample.usf" 229
"C:/Program Files/Epic Games/4.9/Engine/Binaries/Win64/../../../Engine/Shaders/PostProcessDOF.usf" 230
"C:/Program Files/Epic Games/4.9/Engine/Binaries/Win64/../../../Engine/Shaders/PostProcessCompositeEditorPrimitives.usf" 231
"C:/Program Files/Epic Games/4.9/Engine/Binaries/Win64/../../../Engine/Shaders/PostProcessCombineLUTs.usf" 232
"C:/Program Files/Epic Games/4.9/Engine/Binaries/Win64/../../../Engine/Shaders/PostProcessCircleDOF.usf" 233
"C:/Program Files/Epic Games/4.9/Engine/Binaries/Win64/../../../Engine/Shaders/CircleDOFCommon.usf" 234
"C:/Program Files/Epic Games/4.9/Engine/Binaries/Win64/../../../Engine/Shaders/PostProcessBusyWait.usf" 235
"C:/Program Files/Epic Games/4.9/Engine/Binaries/Win64/../../../Engine/Shaders/PostProcessBokehDOF.usf" 236
"C:/Program Files/Epic Games/4.9/Engine/Binaries/Win64/../../../Engine/Shaders/PostProcessVisualizeDOF.usf" 237
"C:/Program Files/Epic Games/4.9/Engine/Binaries/Win64/../../../Engine/Shaders/FXAAShader.usf" 238
"C:/Program Files/Epic Games/4.9/Engine/Binaries/Win64/../../../Engine/Shaders/Fxaa3_11.usf" 239
"C:/Program Files/Epic Games/4.9/Engine/Binaries/Win64/../../../Engine/Shaders/PostProcessPassThrough.usf" 240
"C:/Program Files/Epic Games/4.9/Engine/Binaries/Win64/../../../Engine/Shaders/PostProcessLpvIndirect.usf" 241
"C:/Program Files/Epic Games/4.9/Engine/Binaries/Win64/../../../Engine/Shaders/DeferredLightingCommon.usf" 242
"C:/Program Files/Epic Games/4.9/Engine/Binaries/Win64/../../../Engine/Shaders/DynamicLightingCommon.usf" 243
"C:/Program Files/Epic Games/4.9/Engine/Binaries/Win64/../../../Engine/Shaders/ShadingModels.usf" 244
"C:/Program Files/Epic Games/4.9/Engine/Binaries/Win64/../../../Engine/Shaders/LPVFinalPass.usf" 245
"C:/Program Files/Epic Games/4.9/Engine/Binaries/Win64/../../../Engine/Shaders/LPVCommon.usf" 246
"C:/Program Files/Epic Games/4.9/Engine/Binaries/Win64/../../../Engine/Shaders/DeferredDecal.usf" 247
"C:/Program Files/Epic Games/4.9/Engine/Binaries/Win64/../../../Engine/Shaders/PostProcessAmbientOcclusion.usf" 248
"C:/Program Files/Epic Games/4.9/Engine/Binaries/Win64/../../../Engine/Shaders/PostProcessAmbient.usf" 249
"C:/Program Files/Epic Games/4.9/Engine/Binaries/Win64/../../../Engine/Shaders/CubemapCommon.usf" 250
"C:/Program Files/Epic Games/4.9/Engine/Binaries/Win64/../../../Engine/Shaders/VelocityShader.usf" 251
"C:/Program Files/Epic Games/4.9/Engine/Binaries/Win64/../../../Engine/Shaders/VelocityCommon.usf" 252
"C:/Program Files/Epic Games/4.9/Engine/Binaries/Win64/../../../Engine/Shaders/Tessellation.usf" 253
"C:/Program Files/Epic Games/4.9/Engine/Binaries/Win64/../../../Engine/Shaders/FlatTessellation.usf" 254
"C:/Program Files/Epic Games/4.9/Engine/Binaries/Win64/../../../Engine/Shaders/PNTriangles.usf" 255
"C:/Program Files/Epic Games/4.9/Engine/Binaries/Win64/../../../Engine/Shaders/TranslucentLightingShaders.usf" 256
"C:/Program Files/Epic Games/4.9/Engine/Binaries/Win64/../../../Engine/Shaders/SHCommon.usf" 257
"C:/Program Files/Epic Games/4.9/Engine/Binaries/Win64/../../../Engine/Shaders/ShadowProjectionCommon.usf" 258
"C:/Program Files/Epic Games/4.9/Engine/Binaries/Win64/../../../Engine/Shaders/TranslucentLightInjectionShaders.usf" 259
"C:/Program Files/Epic Games/4.9/Engine/Binaries/Win64/../../../Engine/Shaders/LightFunctionCommon.usf" 260
"C:/Program Files/Epic Games/4.9/Engine/Binaries/Win64/../../../Engine/Shaders/TranslucentShadowDepthShaders.usf" 261
"C:/Program Files/Epic Games/4.9/Engine/Binaries/Win64/../../../Engine/Shaders/ShadowDepthCommon.usf" 262
"C:/Program Files/Epic Games/4.9/Engine/Binaries/Win64/../../../Engine/Shaders/TiledDeferredLightShaders.usf" 263
"C:/Program Files/Epic Games/4.9/Engine/Binaries/Win64/../../../Engine/Shaders/SurfelTree.usf" 264
"C:/Program Files/Epic Games/4.9/Engine/Binaries/Win64/../../../Engine/Shaders/DistanceFieldLightingShared.usf" 265
"C:/Program Files/Epic Games/4.9/Engine/Binaries/Win64/../../../Engine/Shaders/SurfelMaterialShared.usf" 266
"C:/Program Files/Epic Games/4.9/Engine/Binaries/Win64/../../../Engine/Shaders/DistanceFieldAOShared.usf" 267
"C:/Program Files/Epic Games/4.9/Engine/Binaries/Win64/../../../Engine/Shaders/ShadowProjectionPixelShader.usf" 268
"C:/Program Files/Epic Games/4.9/Engine/Binaries/Win64/../../../Engine/Shaders/ShadowFilteringCommon.usf" 269
"C:/Program Files/Epic Games/4.9/Engine/Binaries/Win64/../../../Engine/Shaders/ShadowProjectionVertexShader.usf" 270
"C:/Program Files/Epic Games/4.9/Engine/Binaries/Win64/../../../Engine/Shaders/ShadowDepthPixelShader.usf" 271
"C:/Program Files/Epic Games/4.9/Engine/Binaries/Win64/../../../Engine/Shaders/LPVWriteVplCommon.usf" 272
"C:/Program Files/Epic Games/4.9/Engine/Binaries/Win64/../../../Engine/Shaders/LPVWriteCommon.usf" 273
"C:/Program Files/Epic Games/4.9/Engine/Binaries/Win64/../../../Engine/Shaders/ShadowDepthVertexShader.usf" 274
"C:/Program Files/Epic Games/4.9/Engine/Binaries/Win64/../../../Engine/Shaders/ShaderComplexityApplyPixelShader.usf" 275
"C:/Program Files/Epic Games/4.9/Engine/Binaries/Win64/../../../Engine/Shaders/ShaderComplexityApplyVertexShader.usf" 276
"C:/Program Files/Epic Games/4.9/Engine/Binaries/Win64/../../../Engine/Shaders/ShaderComplexityAccumulatePixelShader.usf" 277
"C:/Program Files/Epic Games/4.9/Engine/Binaries/Win64/../../../Engine/Shaders/HZBOcclusion.usf" 278
"C:/Program Files/Epic Games/4.9/Engine/Binaries/Win64/../../../Engine/Shaders/OcclusionQueryVertexShader.usf" 279
"C:/Program Files/Epic Games/4.9/Engine/Binaries/Win64/../../../Engine/Shaders/HitProxyPixelShader.usf" 280
"C:/Program Files/Epic Games/4.9/Engine/Binaries/Win64/../../../Engine/Shaders/HitProxyVertexShader.usf" 281
"C:/Program Files/Epic Games/4.9/Engine/Binaries/Win64/../../../Engine/Shaders/ReflectionEnvironmentShaders.usf" 282
"C:/Program Files/Epic Games/4.9/Engine/Binaries/Win64/../../../Engine/Shaders/ReflectionEnvironmentShared.usf" 283
"C:/Program Files/Epic Games/4.9/Engine/Binaries/Win64/../../../Engine/Shaders/SkyLightingShared.usf" 284
"C:/Program Files/Epic Games/4.9/Engine/Binaries/Win64/../../../Engine/Shaders/ReflectionEnvironmentComputeShaders.usf" 285
"C:/Program Files/Epic Games/4.9/Engine/Binaries/Win64/../../../Engine/Shaders/LightShaftShader.usf" 286
"C:/Program Files/Epic Games/4.9/Engine/Binaries/Win64/../../../Engine/Shaders/StationaryLightOverlapShaders.usf" 287
"C:/Program Files/Epic Games/4.9/Engine/Binaries/Win64/../../../Engine/Shaders/DeferredLightPixelShaders.usf" 288
"C:/Program Files/Epic Games/4.9/Engine/Binaries/Win64/../../../Engine/Shaders/DeferredLightVertexShaders.usf" 289
"C:/Program Files/Epic Games/4.9/Engine/Binaries/Win64/../../../Engine/Shaders/LPVVisualise.usf" 290
"C:/Program Files/Epic Games/4.9/Engine/Binaries/Win64/../../../Engine/Shaders/LPVGeometryVolumeCommon.usf" 291
"C:/Program Files/Epic Games/4.9/Engine/Binaries/Win64/../../../Engine/Shaders/LPVDirectLightInject.usf" 292
"C:/Program Files/Epic Games/4.9/Engine/Binaries/Win64/../../../Engine/Shaders/LPVPropagate.usf" 293
"C:/Program Files/Epic Games/4.9/Engine/Binaries/Win64/../../../Engine/Shaders/LPVPacking.usf" 294
"C:/Program Files/Epic Games/4.9/Engine/Binaries/Win64/../../../Engine/Shaders/LPVBuildGeometryVolume.usf" 295
"C:/Program Files/Epic Games/4.9/Engine/Binaries/Win64/../../../Engine/Shaders/LpvDirectionalOcclusion.usf" 296
"C:/Program Files/Epic Games/4.9/Engine/Binaries/Win64/../../../Engine/Shaders/LPVInject_AccumulateVplLists.usf" 297
"C:/Program Files/Epic Games/4.9/Engine/Binaries/Win64/../../../Engine/Shaders/LPVInject_GenerateVplLists.usf" 298
"C:/Program Files/Epic Games/4.9/Engine/Binaries/Win64/../../../Engine/Shaders/LPVClearLists.usf" 299
"C:/Program Files/Epic Games/4.9/Engine/Binaries/Win64/../../../Engine/Shaders/LPVClear.usf" 300
"C:/Program Files/Epic Games/4.9/Engine/Binaries/Win64/../../../Engine/Shaders/LightMapDensityShader.usf" 301
"C:/Program Files/Epic Games/4.9/Engine/Binaries/Win64/../../../Engine/Shaders/LightFunctionPixelShader.usf" 302
"C:/Program Files/Epic Games/4.9/Engine/Binaries/Win64/../../../Engine/Shaders/LightFunctionVertexShader.usf" 303
"C:/Program Files/Epic Games/4.9/Engine/Binaries/Win64/../../../Engine/Shaders/HeightfieldLighting.usf" 304
"C:/Program Files/Epic Games/4.9/Engine/Binaries/Win64/../../../Engine/Shaders/DistanceFieldShadowingShared.usf" 305
"C:/Program Files/Epic Games/4.9/Engine/Binaries/Win64/../../../Engine/Shaders/HdrCustomResolveShaders.usf" 306
"C:/Program Files/Epic Games/4.9/Engine/Binaries/Win64/../../../Engine/Shaders/GPUBenchmark.usf" 307
"C:/Program Files/Epic Games/4.9/Engine/Binaries/Win64/../../../Engine/Shaders/GlobalDistanceField.usf" 308
"C:/Program Files/Epic Games/4.9/Engine/Binaries/Win64/../../../Engine/Shaders/GammaCorrection.usf" 309
"C:/Program Files/Epic Games/4.9/Engine/Binaries/Win64/../../../Engine/Shaders/BasePassForForwardShadingPixelShader.usf" 310
"C:/Program Files/Epic Games/4.9/Engine/Binaries/Win64/../../../Engine/Shaders/BasePassForForwardShadingCommon.usf" 311
"C:/Program Files/Epic Games/4.9/Engine/Binaries/Win64/../../../Engine/Shaders/LightmapCommon.usf" 312
"C:/Program Files/Epic Games/4.9/Engine/Binaries/Win64/../../../Engine/Shaders/BasePassForForwardShadingVertexShader.usf" 313
"C:/Program Files/Epic Games/4.9/Engine/Binaries/Win64/../../../Engine/Shaders/HeightFogCommon.usf" 314
"C:/Program Files/Epic Games/4.9/Engine/Binaries/Win64/../../../Engine/Shaders/HeightFogPixelShader.usf" 315
"C:/Program Files/Epic Games/4.9/Engine/Binaries/Win64/../../../Engine/Shaders/HeightFogVertexShader.usf" 316
"C:/Program Files/Epic Games/4.9/Engine/Binaries/Win64/../../../Engine/Shaders/DistortAccumulatePS.usf" 317
"C:/Program Files/Epic Games/4.9/Engine/Binaries/Win64/../../../Engine/Shaders/DistortAccumulateVS.usf" 318
"C:/Program Files/Epic Games/4.9/Engine/Binaries/Win64/../../../Engine/Shaders/DistortApplyScreenPS.usf" 319
"C:/Program Files/Epic Games/4.9/Engine/Binaries/Win64/../../../Engine/Shaders/DistanceFieldSurfaceCacheLighting.usf" 320
"C:/Program Files/Epic Games/4.9/Engine/Binaries/Win64/../../../Engine/Shaders/SkyLighting.usf" 321
"C:/Program Files/Epic Games/4.9/Engine/Binaries/Win64/../../../Engine/Shaders/DistanceFieldSurfaceCacheLightingCompute.usf" 322
"C:/Program Files/Epic Games/4.9/Engine/Binaries/Win64/../../../Engine/Shaders/DistanceFieldShadowing.usf" 323
"C:/Program Files/Epic Games/4.9/Engine/Binaries/Win64/../../../Engine/Shaders/DistanceFieldScreenGridLighting.usf" 324
"C:/Program Files/Epic Games/4.9/Engine/Binaries/Win64/../../../Engine/Shaders/DistanceFieldLightingPost.usf" 325
"C:/Program Files/Epic Games/4.9/Engine/Binaries/Win64/../../../Engine/Shaders/DistanceFieldGlobalIllumination.usf" 326
"C:/Program Files/Epic Games/4.9/Engine/Binaries/Win64/../../../Engine/Shaders/DepthOnlyPixelShader.usf" 327
"C:/Program Files/Epic Games/4.9/Engine/Binaries/Win64/../../../Engine/Shaders/DepthOnlyVertexShader.usf" 328
"C:/Program Files/Epic Games/4.9/Engine/Binaries/Win64/../../../Engine/Shaders/PositionOnlyDepthVertexShader.usf" 329
"C:/Program Files/Epic Games/4.9/Engine/Binaries/Win64/../../../Engine/Shaders/DownsampleDepthPixelShader.usf" 330
"C:/Program Files/Epic Games/4.9/Engine/Binaries/Win64/../../../Engine/Shaders/EvaluateSurfelMaterial.usf" 331
"C:/Program Files/Epic Games/4.9/Engine/Binaries/Win64/../../../Engine/Shaders/ConvertToUniformMesh.usf" 332
"C:/Program Files/Epic Games/4.9/Engine/Binaries/Win64/../../../Engine/Shaders/BasePassPixelShader.usf" 333
"C:/Program Files/Epic Games/4.9/Engine/Binaries/Win64/../../../Engine/Shaders/BasePassCommon.usf" 334
"C:/Program Files/Epic Games/4.9/Engine/Binaries/Win64/../../../Engine/Shaders/ForEachLight.usf" 335
"C:/Program Files/Epic Games/4.9/Engine/Binaries/Win64/../../../Engine/Shaders/BasePassVertexShader.usf" 336
"C:/Program Files/Epic Games/4.9/Engine/Binaries/Win64/../../../Engine/Shaders/BasePassVertexCommon.usf" 337
"C:/Program Files/Epic Games/4.9/Engine/Binaries/Win64/../../../Engine/Shaders/BasePassTessellationShaders.usf" 338
"C:/Program Files/Epic Games/4.9/Engine/Binaries/Win64/../../../Engine/Shaders/AtmospherePrecompute.usf" 339
"C:/Program Files/Epic Games/4.9/Engine/Binaries/Win64/../../../Engine/Shaders/AtmospherePrecomputeCommon.usf" 340
"C:/Program Files/Epic Games/4.9/Engine/Binaries/Win64/../../../Engine/Shaders/AtmospherePrecomputeInscatter.usf" 341
"C:/Program Files/Epic Games/4.9/Engine/Binaries/Win64/../../../Engine/Shaders/AtmosphericFogShader.usf" 342
"C:/Program Files/Epic Games/4.9/Engine/Binaries/Win64/../../../Engine/Shaders/ResolveVertexShader.usf" 343
"C:/Program Files/Epic Games/4.9/Engine/Binaries/Win64/../../../Engine/Shaders/ResolvePixelShader.usf" 344
"C:/Program Files/Epic Games/4.9/Engine/Binaries/Win64/../../../Engine/Shaders/OneColorShader.usf" 345
"C:/Program Files/Epic Games/4.9/Engine/Binaries/Win64/../../../Engine/Shaders/MediaShaders.usf" 346
"C:/Program Files/Epic Games/4.9/Engine/Binaries/Win64/../../../Engine/Shaders/ClearReplacementShaders.usf" 347
"C:/Program Files/Epic Games/4.9/Engine/Binaries/Win64/../../../Engine/Shaders/SimpleElementTexture2DPreviewPixelShader.usf" 348
"C:/Program Files/Epic Games/4.9/Engine/Binaries/Win64/../../../Engine/Shaders/SimpleElementNormalMapPixelShader.usf" 349
"C:/Program Files/Epic Games/4.9/Engine/Binaries/Win64/../../../Engine/Shaders/meshpaintdilatepixelshader.usf" 350
"C:/Program Files/Epic Games/4.9/Engine/Binaries/Win64/../../../Engine/Shaders/meshpaintdilatevertexshader.usf" 351
"C:/Program Files/Epic Games/4.9/Engine/Binaries/Win64/../../../Engine/Shaders/MeshPaintPixelShader.usf" 352
"C:/Program Files/Epic Games/4.9/Engine/Binaries/Win64/../../../Engine/Shaders/MeshPaintVertexShader.usf" 353
"../../../Engine/Config/Android/AndroidEngine.ini" 354
"../../../Engine/Config/IOS/IOSEngine.ini" 355
"../../../Engine/Config/Linux/LinuxEngine.ini" 356
"C:/Users/alademm/AppData/Local/UnrealEngine/4.9/DerivedDataCache/Boot.ddc" 357
"../../../Engine/DerivedDataCache/Compressed.ddp" 358
"../../../Engine/Content/EngineFonts/Roboto.uasset" 359
"../../../Engine/Content/EngineMaterials/Widget3DPassThrough_Translucent.uasset" 360
"../../../Engine/Content/EngineMaterials/Widget3DPassThrough.uasset" 361
"../../../Engine/Content/Functions/Engine_MaterialFunctions02/Texturing/ScreenAlignedUVs.uasset" 362
"../../../Engine/Content/EngineResources/WhiteSquareTexture.uasset" 363
"../../../Engine/Content/Functions/Engine_MaterialFunctions01/Shading/PowerToRoughness.uasset" 364
"../../../Engine/Content/Functions/Engine_MaterialFunctions01/Shading/ConvertFromDiffSpec.uasset" 365
"../../../Engine/Content/EngineMaterials/WorldGridMaterial.uasset" 366
"../../../Engine/Content/Functions/Engine_MaterialFunctions01/Opacity/CameraDepthFade.uasset" 367
"../../../Engine/Content/EngineMaterials/T_Default_Material_Grid_M.uasset" 368
"../../../Engine/Content/EngineMaterials/T_Default_Material_Grid_N.uasset" 369
"../../../Engine/Content/EngineMaterials/DefaultDeferredDecalMaterial.uasset" 370
"../../../Engine/Content/EngineMaterials/DefaultDiffuse.uasset" 371
"../../../Engine/Content/EngineMaterials/DefaultLightFunctionMaterial.uasset" 372
"../../../Engine/Content/EngineMaterials/DefaultPostProcessMaterial.uasset" 373
"../../../Engine/Content/Functions/Engine_MaterialFunctions02/Utility/BreakOutFloat2Components.uasset" 374
"../../../Engine/Content/EngineResources/DefaultTexture.uasset" 375
"../../../Engine/Content/EngineMaterials/Widget3DPassThrough_Translucent_OneSided.uasset" 376
"../../../Engine/Content/EngineMaterials/Widget3DPassThrough_Opaque.uasset" 377
"../../../Engine/Content/EngineMaterials/Widget3DPassThrough_Opaque_OneSided.uasset" 378
"../../../Engine/Content/EngineMaterials/Widget3DPassThrough_Masked.uasset" 379
"../../../Engine/Content/EngineMaterials/Widget3DPassThrough_Masked_OneSided.uasset" 380
"../../../Engine/Content/EditorResources/S_Actor.uasset" 381
"C:/work/tgame/unreal-rpg-game/UnnamedRPG/Saved/Config/Windows/TemplateDefs.ini" 382
"../../../../../../work/tgame/unreal-rpg-game/UnnamedRPG/Intermediate/Config/CoalescedSourceConfigs/TemplateDefs.ini" 383
"C:/work/tgame/unreal-rpg-game/UnnamedRPG/Saved/Config/Windows/GameplayTags.ini" 384
"../../../../../../work/tgame/unreal-rpg-game/UnnamedRPG/Intermediate/Config/CoalescedSourceConfigs/GameplayTags.ini" 385
"../../../Engine/Content/Maps/Templates/Thumbnails/Default.uasset" 386
"../../../Engine/Content/EditorMaterials/ParticleSystems/PSysThumbnail_NoImage.uasset" 387
"../../../Engine/Content/EditorMaterials/ParticleSystems/PSysThumbnail_OOD.uasset" 388
"../../../Engine/Content/EditorLandscapeResources/DataLayer.uasset" 389
"../../../Engine/Content/EngineDamageTypes/DmgTypeBP_Environmental.uasset" 390
"..\..\..\Engine\Content\Internationalization\icudt53l\numberingSystems.res" 391
"..\..\..\Engine\Content\Internationalization\icudt53l\curr\supplementalData.res" 392
"..\..\..\Engine\Content\Internationalization\icudt53l\curr\pool.res" 393
"..\..\..\Engine\Content\Internationalization\icudt53l\curr\en.res" 394
"..\..\..\Engine\Content\Internationalization\icudt53l\curr\root.res" 395
"../../../Engine/Content/EngineMeshes/Sphere.uasset" 396
"../../../Engine/Content/EngineFonts/RobotoDistanceField.uasset" 397
"../../../Engine/Content/EngineMaterials/DefaultTextMaterialOpaque.uasset" 398
"../../../Engine/Content/EditorResources/S_Trigger.uasset" 399
"../../../Engine/Content/EngineResources/GradientTexture0.uasset" 400
"../../../Engine/Content/EngineResources/Black.uasset" 401
"../../../Engine/Content/EditorMaterials/MatineeGroups/MAT_Groups_Float.uasset" 402
"../../../Engine/Content/EditorMaterials/MatineeGroups/MAT_Groups_Director.uasset" 403
"../../../Engine/Content/EditorMaterials/MatineeGroups/MAT_Groups_Event.uasset" 404
"../../../Engine/Content/EditorMaterials/MatineeGroups/MAT_Groups_Anim.uasset" 405
"../../../Engine/Content/EditorMaterials/MatineeGroups/MAT_Groups_Fade.uasset" 406
"../../../Engine/Content/EditorMaterials/MatineeGroups/MAT_Groups_Move.uasset" 407
"../../../Engine/Content/EditorMaterials/MatineeGroups/MAT_Groups_Slomo.uasset" 408
"../../../Engine/Content/EditorMaterials/MatineeGroups/MAT_ColorTrack.uasset" 409
"../../../Engine/Content/EditorMaterials/MAT_Groups_Toggle.uasset" 410
"../../../Engine/Content/EditorMaterials/MatineeGroups/MAT_Groups_AudioMaster.uasset" 411
"../../../Engine/Content/EditorMaterials/MatineeGroups/MAT_Groups_Sound.uasset" 412
"../../../Engine/Content/EditorMaterials/MatineeGroups/MAT_Groups_Vector.uasset" 413
"../../../Engine/Content/EditorMaterials/MAT_Groups_Visibility.uasset" 414
"../../../Engine/Content/EngineResources/DefaultTextureCube.uasset" 415
"../../../Engine/Content/EngineSounds/Master.uasset" 416
"../../../Engine/Content/EngineSounds/Music.uasset" 417
"../../../Engine/Content/EngineSounds/SFX.uasset" 418
"../../../Engine/Content/EngineSounds/Normal_Attack.uasset" 419
"../../../Engine/Content/EngineSounds/Special_Attack_PSM.uasset" 420
"../../../Engine/Content/EngineSounds/Duck_Normal_Attack_MixMod.uasset" 421
"../../../Engine/Content/EngineSounds/Voice.uasset" 422
"../../../Engine/Content/EngineMeshes/Cylinder.uasset" 423
"../../../Engine/Content/EngineMaterials/DefaultMaterial.uasset" 424
"../../../Engine/Content/EngineTireTypes/DefaultTireType.uasset" 425
"../../../Engine/Content/Editor/Slate/Fonts/FontAwesome.ttf" 426
"../../../Engine/Content/Editor/Slate/Fonts/DroidSansMono.ttf" 427
"../../../Engine/Content/Editor/Slate/Fonts/Roboto-BoldCondensed.ttf" 428
"../../../Engine/Content/Editor/Slate/Fonts/Roboto-Black.ttf" 429
"../../../Engine/Content/Editor/Slate/Fonts/Roboto-Italic.ttf" 430
"../../../Engine/Content/Editor/Slate/Fonts/Roboto-BoldCondensedItalic.ttf" 431
"..\..\..\Engine\Content\Internationalization\icudt53l\coll\ucadata.icu" 432
"..\..\..\Engine\Content\Internationalization\icudt53l\nfc.nrm" 433
"..\..\..\Engine\Content\Internationalization\icudt53l\coll\en_US.res" 434
"..\..\..\Engine\Content\Internationalization\icudt53l\coll\en.res" 435
"..\..\..\Engine\Content\Internationalization\icudt53l\coll\root.res" 436
"../../../Engine/Content/EngineResources/AICON-Red.uasset" 437
"../../../Engine/Content/EngineResources/AICON-Green.uasset" 438
"../../../Engine/Content/Tutorial/Basics/LevelEditorAttract.uasset" 439
"../../../Engine/Content/Tutorial/Basics/LevelEditorOverview.uasset" 440
"../../../Engine/Content/Tutorial/Basics/TutorialAssets/icon_tab_Levels_40x.uasset" 441
"../../../Engine/Content/Tutorial/BlueprintTutorials/BlueprintEditorTutorial.uasset" 442
"../../../Engine/Content/Tutorial/BlueprintTutorials/TutorialAssets/Blueprint_64x.uasset" 443
"../../../../../../work/tgame/unreal-rpg-game/UnnamedRPG/Content/TopDownCPP/TopDownOverview.uasset" 444
"../../../Engine/Content/Tutorial/ContentIntroCurve.uasset" 445
"../../../Engine/Plugins/2D/Paper2D/Content/MaskedUnlitSpriteMaterial.uasset" 446
"../../../Engine/Plugins/2D/Paper2D/Content/DefaultSpriteMaterial.uasset" 447
"../../../Engine/Plugins/2D/Paper2D/Content/DummySpriteTexture.uasset" 448
"../../../Engine/Plugins/2D/Paper2D/Content/PlaceholderTextures/DummySpriteTexture.uasset" 449
"../../../Engine/Plugins/2D/Paper2D/Content/OpaqueUnlitSpriteMaterial.uasset" 450
"../../../Engine/Plugins/2D/Paper2D/Content/DefaultPaperTerrainMaterial.uasset" 451
"../../../Engine/Plugins/2D/Paper2D/Content/DummySprite.uasset" 452
"../../../../../../work/tgame/unreal-rpg-game/UnnamedRPG/Content/TopDownCPP/Blueprints/TopDownCharacter.uasset" 453
"../../../../../../work/tgame/unreal-rpg-game/UnnamedRPG/Content/Mannequin/Animations/ThirdPerson_AnimBP.uasset" 454
"../../../../../../work/tgame/unreal-rpg-game/UnnamedRPG/Content/Mannequin/Animations/ThirdPerson_Jump.uasset" 455
"../../../../../../work/tgame/unreal-rpg-game/UnnamedRPG/Content/Mannequin/Character/Mesh/UE4_Mannequin_Skeleton.uasset" 456
"../../../../../../work/tgame/unreal-rpg-game/UnnamedRPG/Content/Mannequin/Animations/ThirdPersonJump_Loop.uasset" 457
"../../../../../../work/tgame/unreal-rpg-game/UnnamedRPG/Content/Mannequin/Animations/ThirdPersonJump_Start.uasset" 458
"../../../../../../work/tgame/unreal-rpg-game/UnnamedRPG/Content/Mannequin/Animations/ThirdPerson_IdleRun_2D.uasset" 459
"../../../../../../work/tgame/unreal-rpg-game/UnnamedRPG/Content/Mannequin/Animations/ThirdPersonIdle.uasset" 460
"../../../../../../work/tgame/unreal-rpg-game/UnnamedRPG/Content/Mannequin/Animations/ThirdPersonRun.uasset" 461
"../../../../../../work/tgame/unreal-rpg-game/UnnamedRPG/Content/Mannequin/Animations/ThirdPersonWalk.uasset" 462
"../../../Engine/Content/EditorBlueprintResources/StandardMacros.uasset" 463
"../../../../../../work/tgame/unreal-rpg-game/UnnamedRPG/Content/Mannequin/Character/Mesh/SK_Mannequin.uasset" 464
"../../../../../../work/tgame/unreal-rpg-game/UnnamedRPG/Content/Mannequin/Character/Materials/M_UE4Man_Body.uasset" 465
"../../../Engine/Content/Functions/Engine_MaterialFunctions02/Utility/BlendAngleCorrectedNormals.uasset" 466
"../../../Engine/Content/Functions/MaterialLayerFunctions/MatLayerBlend_NormalBlend.uasset" 467
"../../../Engine/Content/Functions/MaterialLayerFunctions/MatLayerBlend_Simple.uasset" 468
"../../../../../../work/tgame/unreal-rpg-game/UnnamedRPG/Content/Mannequin/Character/Materials/MaterialLayers/ML_GlossyBlack_Latex_UE4.uasset" 469
"../../../../../../work/tgame/unreal-rpg-game/UnnamedRPG/Content/Mannequin/Character/Materials/MaterialLayers/T_ML_Rubber_Blue_01_D.uasset" 470
"../../../../../../work/tgame/unreal-rpg-game/UnnamedRPG/Content/Mannequin/Character/Materials/MaterialLayers/T_ML_Rubber_Blue_01_N.uasset" 471
"../../../../../../work/tgame/unreal-rpg-game/UnnamedRPG/Content/Mannequin/Character/Materials/MaterialLayers/ML_Plastic_Shiny_Beige.uasset" 472
"../../../../../../work/tgame/unreal-rpg-game/UnnamedRPG/Content/Mannequin/Character/Materials/MaterialLayers/ML_Plastic_Shiny_Beige_LOGO.uasset" 473
"../../../../../../work/tgame/unreal-rpg-game/UnnamedRPG/Content/Mannequin/Character/Textures/UE4_LOGO_CARD.uasset" 474
"../../../../../../work/tgame/unreal-rpg-game/UnnamedRPG/Content/Mannequin/Character/Materials/MaterialLayers/ML_SoftMetal_UE4.uasset" 475
"../../../../../../work/tgame/unreal-rpg-game/UnnamedRPG/Content/Mannequin/Character/Materials/MaterialLayers/T_ML_Aluminum01.uasset" 476
"../../../../../../work/tgame/unreal-rpg-game/UnnamedRPG/Content/Mannequin/Character/Materials/MaterialLayers/T_ML_Aluminum01_N.uasset" 477
"../../../../../../work/tgame/unreal-rpg-game/UnnamedRPG/Content/Mannequin/Character/Textures/UE4_Mannequin__normals.uasset" 478
"../../../../../../work/tgame/unreal-rpg-game/UnnamedRPG/Content/Mannequin/Character/Textures/UE4_Mannequin_MAT_MASKA.uasset" 479
"../../../../../../work/tgame/unreal-rpg-game/UnnamedRPG/Content/Mannequin/Character/Materials/M_UE4Man_ChestLogo.uasset" 480
"../../../../../../work/tgame/unreal-rpg-game/UnnamedRPG/Content/Mannequin/Character/Textures/UE4Man_Logo_N.uasset" 481
"C:/Users/alademm/AppData/Local/UnrealEngine/4.9/Saved/Config/Windows/SourceControlSettings.ini" 482
"../../../../../../work/tgame/unreal-rpg-game/UnnamedRPG/Intermediate/Config/CoalescedSourceConfigs/SourceControlSettings.ini" 483
"C:/work/tgame/unreal-rpg-game/UnnamedRPG/Saved/Config/Windows/SourceControlSettings.ini" 484
"../../../Engine/Plugins/Runtime/LeapMotionController/Content/LM_CapsuleMesh.uasset" 485
"../../../Engine/Plugins/Runtime/LeapMotionController/Content/LM_TorusMesh.uasset" 486
"../../../Engine/Plugins/Runtime/LeapMotionController/Content/LM_HandColor.uasset" 487
"../../../Engine/Plugins/Runtime/LeapMotionController/Content/LM_PassthroughMaterial.uasset" 488
"../../../Engine/Plugins/Runtime/LeapMotionController/Content/LM_SampleDistortion.uasset" 489
"../../../Engine/Plugins/Runtime/LeapMotionController/Content/LM_TestTexture.uasset" 490
"../../../Engine/Content/BasicShapes/Cube.uasset" 491
"../../../Engine/Content/EngineMaterials/RemoveSurfaceMaterial.uasset" 492
"../../../Engine/Content/EngineDebugMaterials/DebugMeshMaterial.uasset" 493
"../../../Engine/Content/EngineMaterials/M_InvalidLightmapSettings.uasset" 494
"../../../Engine/Content/EngineMaterials/InvalidLightmapSettings.uasset" 495
"../../../Engine/Content/EditorMaterials/GizmoMaterial.uasset" 496
"../../../Engine/Content/EngineMaterials/Good64x64TilingNoiseHighFreq.uasset" 497
"../../../Engine/Content/EngineMaterials/DefaultBokeh.uasset" 498
"../../../Engine/Content/EngineMaterials/PreintegratedSkinBRDF.uasset" 499
"../../../Engine/Content/EngineMaterials/MiniFont.uasset" 500
"../../../Engine/Content/EngineMaterials/WeightMapPlaceholderTexture.uasset" 501
"../../../Engine/Content/EngineMaterials/DefaultWhiteGrid.uasset" 502
"../../../Engine/Content/EngineMaterials/DefaultPhysicalMaterial.uasset" 503
"../../../Engine/Content/EngineFonts/RobotoTiny.uasset" 504
"../../../../../../work/tgame/unreal-rpg-game/UnnamedRPG/Intermediate/CachedAssetRegistry.bin" 505
"../../../Engine/Config/HTML5/HTML5Engine.ini" 506
"../../../Engine/Content/MobileResources/HUD/VirtualJoystick_Thumb.uasset" 507
"../../../Engine/Content/EditorResources/BSPVertex.uasset" 508
"../../../Engine/Content/EngineDebugMaterials/WireframeMaterial.uasset" 509
"../../../Engine/Content/EngineDebugMaterials/GeomMaterial.uasset" 510
"../../../Engine/Content/EngineDebugMaterials/LevelColorationLitMaterial.uasset" 511
"../../../Engine/Content/EngineDebugMaterials/LevelColorationUnlitMaterial.uasset" 512
"../../../Engine/Content/EngineDebugMaterials/MAT_LevelColorationLitLightmapUV.uasset" 513
"../../../Engine/Content/EngineDebugMaterials/ShadedLevelColorationLitMaterial.uasset" 514
"../../../Engine/Content/EngineDebugMaterials/ShadedLevelColorationUnlitMateri.uasset" 515
"../../../Engine/Content/EngineDebugMaterials/VertexColorMaterial.uasset" 516
"../../../Engine/Content/EngineDebugMaterials/VertexColorViewMode_ColorOnly.uasset" 517
"../../../Engine/Content/EngineDebugMaterials/VertexColorViewMode_AlphaAsColor.uasset" 518
"../../../Engine/Content/EngineDebugMaterials/VertexColorViewMode_RedOnly.uasset" 519
"../../../Engine/Content/EngineDebugMaterials/VertexColorViewMode_GreenOnly.uasset" 520
"../../../Engine/Content/EngineDebugMaterials/VertexColorViewMode_BlueOnly.uasset" 521
"../../../Engine/Content/EngineDebugMaterials/BoneWeightMaterial.uasset" 522
"../../../Engine/Content/EngineDebugMaterials/HeatmapGradient.uasset" 523
"../../../Engine/Content/EditorMaterials/PhAT_JointLimitMaterial.uasset" 524
"../../../Engine/Content/EditorMaterials/PreviewShadowIndicatorMaterial.uasset" 525
"../../../Engine/Content/EditorMaterials/PreviewShadowIndicator.uasset" 526
"../../../Engine/Content/EngineMaterials/EditorBrushMaterial.uasset" 527
"../../../Engine/Content/EditorMeshes/ColorCalibrator/SM_ColorCalibrator.uasset" 528
"../../../Engine/Content/EditorMeshes/ColorCalibrator/M_ChromeBall.uasset" 529
"../../../Engine/Content/EditorMeshes/ColorCalibrator/M_ClearCoat.uasset" 530
"../../../Engine/Content/EditorMeshes/ColorCalibrator/M_ClearCoatBlack.uasset" 531
"../../../Engine/Content/EditorMeshes/ColorCalibrator/M_ColorGrid.uasset" 532
"../../../Engine/Content/EditorMeshes/ColorCalibrator/T_ColorGrid.uasset" 533
"../../../Engine/Content/EditorMeshes/ColorCalibrator/M_GreyBall.uasset" 534
"../../../Engine/Content/Tutorial/SubEditors/TutorialAssets/icon_Editor_Preferences_General_40x.uasset" 535
"../../../Engine/Content/Tutorial/Paper2D/TutorialAssets/Paper2DSprite_TutorialIcon.uasset" 536
"../../../Engine/Content/Tutorial/SubEditors/TutorialAssets/icon_ShowSkeletalMeshes_40x.uasset" 537
"../../../Engine/Content/Tutorial/Landscape/TutorialAssets/Landscape.uasset" 538
"../../../Engine/Content/Tutorial/Foliage/TutorialAssets/Foliage.uasset" 539
"../../../Engine/Content/Tutorial/SubEditors/StaticMeshEditorTutorial.uasset" 540
"../../../Engine/Content/EngineMeshes/Cube.uasset" 541
"../../../Engine/Content/Tutorial/BlueprintTutorials/BlueprintMacroLibrariesEditorOverview.uasset" 542
"../../../Engine/Content/Tutorial/BlueprintTutorials/TutorialAssets/BlueprintMacroLibrary_64x.uasset" 543
"../../../Engine/Content/Tutorial/BlueprintTutorials/TutorialAssets/Tutorial_BP_MacroLib.uasset" 544
"../../../Engine/Content/Tutorial/BlueprintTutorials/BlueprintInterfacesEditorOverview.uasset" 545
"../../../Engine/Content/Tutorial/BlueprintTutorials/TutorialAssets/BlueprintInterface_64x.uasset" 546
"../../../Engine/Content/Tutorial/BlueprintTutorials/TutorialAssets/Tutorial_BP_Interface.uasset" 547
"../../../Engine/Content/Tutorial/BlueprintTutorials/LevelBlueprintEditorOverview.uasset" 548
"../../../Engine/Content/Tutorial/SubEditors/DestructibleMeshEditorTutorial.uasset" 549
"../../../Engine/Content/Tutorial/SubEditors/TutorialAssets/Tutorial_DM.uasset" 550
"../../../Engine/Content/EditorMeshes/EditorCube.uasset" 551
"../../../Engine/Content/Tutorial/SubEditors/MaterialEditorTutorial.uasset" 552
"../../../Engine/Content/Tutorial/SubEditors/TutorialAssets/TutorialMaterial.uasset" 553
"../../../Engine/Content/Tutorial/SubEditors/ParticleSystemEditorTutorial.uasset" 554
"../../../Engine/Content/Tutorial/SubEditors/TutorialAssets/TutorialParticleSystem.uasset" 555
"../../../Engine/Content/Tutorial/SubEditors/TutorialAssets/M_smoke_subUV_blackbody.uasset" 556
"../../../Engine/Content/Tutorial/SubEditors/TutorialAssets/T_SmokeSubUV_8X8.uasset" 557
"../../../Engine/Content/Tutorial/SubEditors/TutorialAssets/T_soft_smoke.uasset" 558
"../../../Engine/Content/Tutorial/SubEditors/PersonaAnimEditorTutorial.uasset" 559
"../../../Engine/Content/Tutorial/SubEditors/PersonaAnimEditorWalkthrough.uasset" 560
"../../../Engine/Content/Tutorial/SubEditors/TutorialAssets/Character/NewBlendSpace1D.uasset" 561
"../../../Engine/Content/Tutorial/SubEditors/TutorialAssets/Character/Tutorial_Idle.uasset" 562
"../../../Engine/Content/Tutorial/SubEditors/TutorialAssets/Character/TutorialTPP_Skeleton.uasset" 563
"../../../Engine/Content/Tutorial/SubEditors/TutorialAssets/Character/Tutorial_Walk_Fwd.uasset" 564
"../../../Engine/Content/Tutorial/SubEditors/TutorialAssets/Character/TutorialTPP.uasset" 565
"../../../Engine/Content/Tutorial/SubEditors/TutorialAssets/Character/TutorialTPP_Mat.uasset" 566
"../../../Engine/Content/Tutorial/SubEditors/TutorialAssets/Character/TutorialTPP_PhysicsAsset.uasset" 567
"../../../Engine/Content/Tutorial/SubEditors/PersonaAnimBlueprintEditorWalkthrough.uasset" 568
"../../../Engine/Content/Tutorial/SubEditors/TutorialAssets/Character/TutorialTPP_AnimBlueprint.uasset" 569
"../../../Engine/Content/Tutorial/SubEditors/TutorialAssets/Character/TutorialCharacter.uasset" 570
"../../../Engine/Content/Tutorial/Paper2D/SpriteEditorTutorial.uasset" 571
"../../../Engine/Content/Tutorial/Paper2D/FlipbookEditorTutorial.uasset" 572
"../../../Engine/Content/Tutorial/Paper2D/TutorialAssets/Paper2DFlipbook_TutorialIcon.uasset" 573
"../../../Engine/Content/Tutorial/Landscape/Landscape_Manage_Mode.uasset" 574
"../../../Engine/Content/Tutorial/Landscape/Landscape_Sculpt_Mode.uasset" 575
"../../../Engine/Content/Tutorial/Landscape/Landscape_Painting_Mode.uasset" 576
"../../../Engine/Content/Tutorial/Foliage/Foliage_Intro_Tutorial.uasset" 577
"../../../Engine/Content/Tutorial/Foliage/Foliage_Using_The_Tool_Tutorial.uasset" 578
"../../../Engine/Content/Tutorial/Foliage/Foliage_Settings_Tutorial.uasset" 579
"../../../Engine/Content/MobileResources/HUD/MobileHUDDirectionPad3.uasset" 580
"../../../Engine/Content/MobileResources/HUD/T_Castle_ThumbstickOutter.uasset" 581
"../../../Engine/Content/MobileResources/HUD/MobileHUDDirectionPad.uasset" 582
"../../../../../../work/tgame/unreal-rpg-game/UnnamedRPG/Content/Mannequin/Animations/ThirdPersonJump_End.uasset" 583
"../../../../../../work/tgame/unreal-rpg-game/UnnamedRPG/Content/Geometry/Meshes/TemplateFloor.uasset" 584
"../../../../../../work/tgame/unreal-rpg-game/UnnamedRPG/Content/Geometry/Meshes/CubeMaterial.uasset" 585
"../../../../../../work/tgame/unreal-rpg-game/UnnamedRPG/Content/Geometry/Meshes/1M_Cube_Chamfer.uasset" 586
"../../../../../../work/tgame/unreal-rpg-game/UnnamedRPG/Content/Geometry/Meshes/1M_Cube.uasset" 587
"../../../Engine/Content/MobileResources/HUD/VirtualJoystick_Background.uasset" 588
"../../../Engine/Content/MobileResources/HUD/MobileHUDButton2_on.uasset" 589
"../../../Engine/Content/MobileResources/T_MobileMenu2.uasset" 590
"../../../Engine/Content/MobileResources/HUD/T_Castle_ThumbstickInner.uasset" 591
"../../../Engine/Content/MobileResources/HUD/MobileHUDDirectionPad2.uasset" 592
"../../../Engine/Content/MobileResources/HUD/MobileHUDDirectionStick.uasset" 593
"../../../Engine/Content/MobileResources/HUD/DefaultVirtualJoysticks.uasset" 594
"../../../Engine/Content/MobileResources/HUD/AnalogHat.uasset" 595
"../../../../../../work/tgame/unreal-rpg-game/UnnamedRPG/Content/Quests/TestQuest.uasset" 596
"../../../Engine/Content/MobileResources/HUD/MobileHUDButtonFire.uasset" 597
"../../../Engine/Content/MobileResources/HUD/MobileHUDButton1_on.uasset" 598
"../../../Engine/Content/MobileResources/T_MobileControls_texture.uasset" 599
"../../../Engine/Content/MobileResources/HUD/MobileHUDButton3.uasset" 600
"../../../Engine/Content/Maps/Entry.umap" 601
"../../../Engine/Content/EngineMaterials/DefaultNormal.uasset" 602
"../../../../../../work/tgame/unreal-rpg-game/UnnamedRPG/Content/TopDownCPP/Maps/TopDownExampleMap.umap" 603
"../../../Engine/Content/EngineSky/BP_Sky_Sphere.uasset" 604
"../../../Engine/Content/EngineSky/C_Sky_Cloud_Color.uasset" 605
"../../../Engine/Content/EngineSky/C_Sky_Horizon_Color.uasset" 606
"../../../Engine/Content/EngineSky/C_Sky_Zenith_Color.uasset" 607
"../../../Engine/Content/EngineSky/M_Sky_Panning_Clouds2.uasset" 608
"../../../Engine/Content/EngineSky/T_Sky_Blue.uasset" 609
"../../../Engine/Content/EngineSky/T_Sky_Clouds_M.uasset" 610
"../../../Engine/Content/EngineSky/T_Sky_Stars.uasset" 611
"../../../Engine/Content/EngineSky/SM_SkySphere.uasset" 612
"../../../Engine/Content/EngineMaterials/AntiAliasedTextMaterialTranslucent.uasset" 613
"../../../Engine/Content/Functions/Engine_MaterialFunctions03/Procedurals/ComputeFilterWidth.uasset" 614
"C:/Users/alademm/AppData/Local/UnrealEngine/Common/DerivedDataCache/9/3/2/PHYSX_1D9C17C451EA4FB88CB7A27536A65DB0_PHYSXPC_28DC78854DCD599B3B21848B4841A255__1_0_13123_0.udd" 615
"C:/Users/alademm/AppData/Local/UnrealEngine/Common/DerivedDataCache/2/0/4/PHYSX_1D9C17C451EA4FB88CB7A27536A65DB0_PHYSXPC_C762D4FC481F6721DBD750A74FB34A42__1_0_13123_0.udd" 616
"C:/Users/alademm/AppData/Local/UnrealEngine/Common/DerivedDataCache/0/1/9/PHYSX_1D9C17C451EA4FB88CB7A27536A65DB0_PHYSXPC_25998F2F4A479D690FB88D9CD0A41BD0__1_0_13123_0.udd" 617
"C:/Users/alademm/AppData/Local/UnrealEngine/Common/DerivedDataCache/5/9/8/REFL_ENC_96DFC022836B48889143E9DF484C3296_7F43670C468492F67862DC856CBB0CBB.udd" 618
"C:/Users/alademm/AppData/Local/UnrealEngine/Common/DerivedDataCache/0/0/2/TEXTURE_814DCC3DC72143F49509781513CB9855_AUTODXT_B503D99B45CC6206D72A83A1BFC91__1FFF1D9A1D4ADE7A11C6FC10E60B1E2998BAF928.udd" 619
"C:/Users/alademm/AppData/Local/UnrealEngine/Common/DerivedDataCache/7/3/4/TEXTURE_814DCC3DC72143F49509781513CB9855_AUTODXT_A835EBC546043794B194A1BBB659C__FBFC1BD75EC5D879E702CAC1F386280F595E49AF.udd" 620
"C:/Users/alademm/AppData/Local/UnrealEngine/Common/DerivedDataCache/2/6/4/TEXTURE_814DCC3DC72143F49509781513CB9855_AUTODXT_FCC8D1AF42B9F47B593F7E892FE59__010720866509A14086C6C40FCB7B70878D27BA5A.udd" 621
"C:/Users/alademm/AppData/Local/UnrealEngine/Common/DerivedDataCache/7/8/6/TEXTURE_814DCC3DC72143F49509781513CB9855_AUTODXT_A835EBC546043794B194A1BBB659C__8C324A833164D3815486BB96588D0670F6FE8791.udd" 622
"C:/Users/alademm/AppData/Local/UnrealEngine/Common/DerivedDataCache/7/1/3/TEXTURE_814DCC3DC72143F49509781513CB9855_AUTODXT_B503D99B45CC6206D72A83A1BFC91__5E31CC016C8136CB1FBE4670630186BBE5E9ABB4.udd" 623
"C:/Users/alademm/AppData/Local/UnrealEngine/Common/DerivedDataCache/1/5/9/TEXTURE_814DCC3DC72143F49509781513CB9855_AUTODXT_B503D99B45CC6206D72A83A1BFC91__BF3845CC97E61F5F48839B168B88185B7B30D6FD.udd" 624
"C:/Users/alademm/AppData/Local/UnrealEngine/Common/DerivedDataCache/0/0/4/TEXTURE_814DCC3DC72143F49509781513CB9855_AUTODXT_B503D99B45CC6206D72A83A1BFC91__CFE3C2D32C6E91A554059FD7E4C300A5FB17E532.udd" 625
"C:/Users/alademm/AppData/Local/UnrealEngine/Common/DerivedDataCache/7/0/8/TEXTURE_814DCC3DC72143F49509781513CB9855_AUTODXT_E3AA401D4F48FD4F0C31A8928EF50__EEDE66CBCCDF17043B86F853DFED22BA1A7FBC5E.udd" 626
"C:/Users/alademm/AppData/Local/UnrealEngine/Common/DerivedDataCache/4/8/9/TEXTURE_814DCC3DC72143F49509781513CB9855_AUTODXT_FCC8D1AF42B9F47B593F7E892FE59__9777A654E4B416B76FC433D3D1BF5EADD8665B1B.udd" 627
"C:/Users/alademm/AppData/Local/UnrealEngine/Common/DerivedDataCache/0/2/5/TEXTURE_814DCC3DC72143F49509781513CB9855_AUTODXT_FCC8D1AF42B9F47B593F7E892FE59__2032F86809BB77B11EC7770946D08DFE0CA8AF00.udd" 628
"C:/Users/alademm/AppData/Local/UnrealEngine/Common/DerivedDataCache/2/0/2/TEXTURE_814DCC3DC72143F49509781513CB9855_AUTODXT_FCC8D1AF42B9F47B593F7E892FE59__C7D1F9059BDEEA66B8ADE6A23D5B39E4C51C0946.udd" 629
"C:/Users/alademm/AppData/Local/UnrealEngine/Common/DerivedDataCache/1/3/6/TEXTURE_814DCC3DC72143F49509781513CB9855_AUTODXT_A835EBC546043794B194A1BBB659C__D788F9F200B1BE876DFAC26CA7B3D3DA2BB927C2.udd" 630
"C:/Users/alademm/AppData/Local/UnrealEngine/Common/DerivedDataCache/1/9/0/TEXTURE_814DCC3DC72143F49509781513CB9855_AUTODXT_A835EBC546043794B194A1BBB659C__C39F096995961CEB2D0E8B09385BE8E5D75829E1.udd" 631
"C:/Users/alademm/AppData/Local/UnrealEngine/Common/DerivedDataCache/8/7/2/TEXTURE_814DCC3DC72143F49509781513CB9855_AUTODXT_A835EBC546043794B194A1BBB659C__C27F058AD7552216E05DC158010187B1730E50E3.udd" 632
"C:/Users/alademm/AppData/Local/UnrealEngine/Common/DerivedDataCache/4/0/4/TEXTURE_814DCC3DC72143F49509781513CB9855_AUTODXT_344660BC49B713AB6C79389E80FFE__50A44F5C4D0D6D2754BFBEB79320882A304E9290.udd" 633
"C:/Users/alademm/AppData/Local/UnrealEngine/Common/DerivedDataCache/5/6/4/TEXTURE_814DCC3DC72143F49509781513CB9855_AUTODXT_E3AA401D4F48FD4F0C31A8928EF50__AECB4DC6567FB9031D8DFDBC252949A443EAAFA5.udd" 634
"C:/Users/alademm/AppData/Local/UnrealEngine/Common/DerivedDataCache/6/7/6/TEXTURE_814DCC3DC72143F49509781513CB9855_AUTODXT_E3AA401D4F48FD4F0C31A8928EF50__C21990B5FD4F64A635330EF00AAEFAADC12B27E2.udd" 635
"C:/Users/alademm/AppData/Local/UnrealEngine/Common/DerivedDataCache/4/3/1/TEXTURE_814DCC3DC72143F49509781513CB9855_AUTODXT_E3AA401D4F48FD4F0C31A8928EF50__9BFA5515CB49461DC305B69A808F7F8A8CC55935.udd" 636
"C:/Users/alademm/AppData/Local/UnrealEngine/Common/DerivedDataCache/1/2/7/TEXTURE_814DCC3DC72143F49509781513CB9855_AUTODXT_46BE91384BAF17181BDA5B9F5E6BE__22C10AC4543DBFFC8327E793967DBCBD48F50646.udd" 637
"C:/Users/alademm/AppData/Local/UnrealEngine/Common/DerivedDataCache/8/6/3/TEXTURE_814DCC3DC72143F49509781513CB9855_DXT1_AE2B0E4E4FFE60851CEF1BA3E8332E41__A073DA4F4029A34F21E4C241D83A1A5586C6DD4E.udd" 638
"C:/Users/alademm/AppData/Local/UnrealEngine/Common/DerivedDataCache/5/8/7/TEXTURE_814DCC3DC72143F49509781513CB9855_AUTODXT_344660BC49B713AB6C79389E80FFE__E7B952B4EEFA112F35A1A9955BD845D2A6C62DD9.udd" 639
"C:/Users/alademm/AppData/Local/UnrealEngine/Common/DerivedDataCache/5/7/2/TEXTURE_814DCC3DC72143F49509781513CB9855_AUTODXT_344660BC49B713AB6C79389E80FFE__D23D6858249A3D1CBDBD27159A4C82277074BA2C.udd" 640
"C:/Users/alademm/AppData/Local/UnrealEngine/Common/DerivedDataCache/4/8/3/TEXTURE_814DCC3DC72143F49509781513CB9855_AUTODXT_344660BC49B713AB6C79389E80FFE__62635298D8E4B9FABADC27E8AA6CAA3F93779B6A.udd" 641
"C:/Users/alademm/AppData/Local/UnrealEngine/Common/DerivedDataCache/3/6/7/TEXTURE_814DCC3DC72143F49509781513CB9855_DXT1_D140D4CA49D396A2397E9DAF7A3B3114__CB80ED2EFB188904361EF3261DA9119061F556C9.udd" 642
"C:/Users/alademm/AppData/Local/UnrealEngine/Common/DerivedDataCache/4/4/0/TEXTURE_814DCC3DC72143F49509781513CB9855_DXT1_D140D4CA49D396A2397E9DAF7A3B3114__E0D6D1AA0D214844736CB16B0835B3C497E87653.udd" 643
"C:/Users/alademm/AppData/Local/UnrealEngine/Common/DerivedDataCache/2/1/9/TEXTURE_814DCC3DC72143F49509781513CB9855_DXT1_AE2B0E4E4FFE60851CEF1BA3E8332E41__76DAD1DF5CED43445B38746E8D07D39D73BCA6F8.udd" 644
"C:/Users/alademm/AppData/Local/UnrealEngine/Common/DerivedDataCache/7/7/0/TEXTURE_814DCC3DC72143F49509781513CB9855_DXT1_2117EABA4A0BCA3544ABDBA3C50474CD__EAD106A524F8974E823F695194309AC5CD7E64BD.udd" 645
"C:/Users/alademm/AppData/Local/UnrealEngine/Common/DerivedDataCache/1/1/5/TEXTURE_814DCC3DC72143F49509781513CB9855_DXT1_D140D4CA49D396A2397E9DAF7A3B3114__D82AA5654F57C751B5CDF6CAED804E62CAEF76BE.udd" 646
"C:/Users/alademm/AppData/Local/UnrealEngine/Common/DerivedDataCache/8/2/6/TEXTURE_814DCC3DC72143F49509781513CB9855_DXT1_2117EABA4A0BCA3544ABDBA3C50474CD__B5B173081A414C699A643EE4F5079D214E447C2E.udd" 647
"C:/Users/alademm/AppData/Local/UnrealEngine/Common/DerivedDataCache/1/3/5/TEXTURE_814DCC3DC72143F49509781513CB9855_DXT1_D140D4CA49D396A2397E9DAF7A3B3114__A67D7770B87233903917CAFA398D075EDA22612E.udd" 648
"C:/Users/alademm/AppData/Local/UnrealEngine/Common/DerivedDataCache/1/9/3/TEXTURE_814DCC3DC72143F49509781513CB9855_DXT1_AE2B0E4E4FFE60851CEF1BA3E8332E41__790828BB81937C174FB262419379DB494A41273D.udd" 649
"C:/Users/alademm/AppData/Local/UnrealEngine/Common/DerivedDataCache/7/8/6/TEXTURE_814DCC3DC72143F49509781513CB9855_DXT1_66282CCF4E51F0348FF2DF9F0EB43652__7A10EE15B6AE5E8688B9BCECEDD7248C3372212C.udd" 650
"C:/Users/alademm/AppData/Local/UnrealEngine/Common/DerivedDataCache/7/1/8/TEXTURE_814DCC3DC72143F49509781513CB9855_DXT1_2117EABA4A0BCA3544ABDBA3C50474CD__1B87B33F9A24810FE3331DC6BC90F72356CCDF3C.udd" 651
"C:/Users/alademm/AppData/Local/UnrealEngine/Common/DerivedDataCache/8/8/7/TEXTURE_814DCC3DC72143F49509781513CB9855_DXT1_AE2B0E4E4FFE60851CEF1BA3E8332E41__589A230AD2316D25A01538D118091574E305D88A.udd" 652
"C:/Users/alademm/AppData/Local/UnrealEngine/Common/DerivedDataCache/8/9/8/TEXTURE_814DCC3DC72143F49509781513CB9855_DXT1_66282CCF4E51F0348FF2DF9F0EB43652__E00B0413E1286E5976406260AD1BAF11DB25FC61.udd" 653
"C:/Users/alademm/AppData/Local/UnrealEngine/Common/DerivedDataCache/3/5/1/TEXTURE_814DCC3DC72143F49509781513CB9855_DXT1_2117EABA4A0BCA3544ABDBA3C50474CD__CD0F685E959A752D30FF13E96C085EE685DDF8B2.udd" 654
"C:/Users/alademm/AppData/Local/UnrealEngine/Common/DerivedDataCache/0/1/9/TEXTURE_814DCC3DC72143F49509781513CB9855_DXT1_7D0187D144E6F842DA548EA122978164__EBB7C133690F08B9DF77DE5F3CBFE393CADA3C9B.udd" 655
"C:/Users/alademm/AppData/Local/UnrealEngine/Common/DerivedDataCache/9/6/5/TEXTURE_814DCC3DC72143F49509781513CB9855_DXT1_AE2B0E4E4FFE60851CEF1BA3E8332E41__2BECC024CCD8562D53C5E65621A081E99D1313DD.udd" 656
"C:/Users/alademm/AppData/Local/UnrealEngine/Common/DerivedDataCache/1/0/8/TEXTURE_814DCC3DC72143F49509781513CB9855_DXT1_559F4B5A47CB6321D1C7909FD3A38A29__3BAD5D205E969A77DD66A6B4BEFEB27E1503529E.udd" 657
"C:/Users/alademm/AppData/Local/UnrealEngine/Common/DerivedDataCache/7/7/1/TEXTURE_814DCC3DC72143F49509781513CB9855_G8_CEF903B34B7503FA87BEDA8535598962_0__CFB0EE3DC3211436F32E89B913A611A4E83177E7.udd" 658
"C:/Users/alademm/AppData/Local/UnrealEngine/Common/DerivedDataCache/6/3/0/TEXTURE_814DCC3DC72143F49509781513CB9855_DXT1_66282CCF4E51F0348FF2DF9F0EB43652__D390017ECFCA9BBEF4A293640576196B6FCEEA9B.udd" 659
"C:/Users/alademm/AppData/Local/UnrealEngine/Common/DerivedDataCache/8/1/2/TEXTURE_814DCC3DC72143F49509781513CB9855_DXT1_7D0187D144E6F842DA548EA122978164__D999B92F033500DB381233CD86E3101148BE1FD9.udd" 660
"C:/Users/alademm/AppData/Local/UnrealEngine/Common/DerivedDataCache/9/2/7/TEXTURE_814DCC3DC72143F49509781513CB9855_G8_CEF903B34B7503FA87BEDA8535598962_0__566C3585B63043690A8DBC2EC53B5615617BD06D.udd" 661
"C:/Users/alademm/AppData/Local/UnrealEngine/Common/DerivedDataCache/5/1/9/TEXTURE_814DCC3DC72143F49509781513CB9855_DXT1_66282CCF4E51F0348FF2DF9F0EB43652__0D67CD0808DB599351BBBB380C2FBFA171531EDF.udd" 662
"C:/Users/alademm/AppData/Local/UnrealEngine/Common/DerivedDataCache/2/3/3/TEXTURE_814DCC3DC72143F49509781513CB9855_G8_01F09F964EA73501186DE3B76DE1A2A0_0__BB567A575D5C26887B44792567B97F2A3AB14ACF.udd" 663
"C:/Users/alademm/AppData/Local/UnrealEngine/Common/DerivedDataCache/0/0/0/TEXTURE_814DCC3DC72143F49509781513CB9855_DXT1_7D0187D144E6F842DA548EA122978164__CF93170451C77EFCC489B97042730EC293574A06.udd" 664
"C:/Users/alademm/AppData/Local/UnrealEngine/Common/DerivedDataCache/5/7/3/TEXTURE_814DCC3DC72143F49509781513CB9855_G8_CEF903B34B7503FA87BEDA8535598962_0__0C227DAEB4A83C5802D1AEB4EB479AD3026D87DF.udd" 665
"C:/Users/alademm/AppData/Local/UnrealEngine/Common/DerivedDataCache/2/5/1/TEXTURE_814DCC3DC72143F49509781513CB9855_G8_CEF903B34B7503FA87BEDA8535598962_0__D3F4F335B58E0BE8B9710004E639AEF6DEBDDAA3.udd" 666
"C:/Users/alademm/AppData/Local/UnrealEngine/Common/DerivedDataCache/2/0/1/TEXTURE_814DCC3DC72143F49509781513CB9855_G8_CEF903B34B7503FA87BEDA8535598962_0__8775FF51AABD4BB472493BB7A4C173A7610B3B50.udd" 667
"C:/Users/alademm/AppData/Local/UnrealEngine/Common/DerivedDataCache/7/7/4/TEXTURE_814DCC3DC72143F49509781513CB9855_G8_829EF4D74EDD59EF7EC416A4C33EECB9_0__7E5E2964919EBC26B2954AECF9544B7133BF67DB.udd" 668
"C:/Users/alademm/AppData/Local/UnrealEngine/Common/DerivedDataCache/8/1/0/TEXTURE_814DCC3DC72143F49509781513CB9855_DXT1_7D0187D144E6F842DA548EA122978164__76BA349EB6C5901D29A006AF0C3862A903A4FAE8.udd" 669
"C:/Users/alademm/AppData/Local/UnrealEngine/Common/DerivedDataCache/0/6/3/TEXTURE_814DCC3DC72143F49509781513CB9855_G8_F074C7D747ED7455908849915966865C_0__7D9C5DFE8E70C5F09FDBBB1BE577DD9EF4CC0BFD.udd" 670
"C:/Users/alademm/AppData/Local/UnrealEngine/Common/DerivedDataCache/7/7/9/TEXTURE_814DCC3DC72143F49509781513CB9855_G8_01F09F964EA73501186DE3B76DE1A2A0_0__7E4F2450CAF9B58099D31819AA3298EDBA47A10A.udd" 671
"C:/Users/alademm/AppData/Local/UnrealEngine/Common/DerivedDataCache/3/1/7/TEXTURE_814DCC3DC72143F49509781513CB9855_G8_01F09F964EA73501186DE3B76DE1A2A0_0__92BF6728BB5EFD35A223FC68BC1D14682DA2B67E.udd" 672
"C:/Users/alademm/AppData/Local/UnrealEngine/Common/DerivedDataCache/1/2/2/TEXTURE_814DCC3DC72143F49509781513CB9855_G8_01F09F964EA73501186DE3B76DE1A2A0_0__9970CF5DB480AD75DAC17BC2E159B23281470D57.udd" 673
"C:/Users/alademm/AppData/Local/UnrealEngine/Common/DerivedDataCache/6/2/1/TEXTURE_814DCC3DC72143F49509781513CB9855_G8_6C7F1D4D48D2AD7A6CD62983CC5B1AB0_0__D67CC88B2AADA03FCEDE1C9CF0A7FBC529A7AA51.udd" 674
"C:/Users/alademm/AppData/Local/UnrealEngine/Common/DerivedDataCache/2/2/7/TEXTURE_814DCC3DC72143F49509781513CB9855_G8_F074C7D747ED7455908849915966865C_0__26CCA3298788F09F4F311A4ECFEBFCF7414033E3.udd" 675
"C:/Users/alademm/AppData/Local/UnrealEngine/Common/DerivedDataCache/1/9/3/TEXTURE_814DCC3DC72143F49509781513CB9855_G8_F074C7D747ED7455908849915966865C_0__70BF26B6AA8A3ADE9A67DEF479EC6E455CB93A29.udd" 676
"C:/Users/alademm/AppData/Local/UnrealEngine/Common/DerivedDataCache/3/5/3/TEXTURE_814DCC3DC72143F49509781513CB9855_G8_829EF4D74EDD59EF7EC416A4C33EECB9_0__D4099E936CA3F35D2DFAFD2ABD25F409677EADE3.udd" 677
"C:/Users/alademm/AppData/Local/UnrealEngine/Common/DerivedDataCache/9/2/3/TEXTURE_814DCC3DC72143F49509781513CB9855_G8_F074C7D747ED7455908849915966865C_0__0D734CC6F3AE01949E3831CFC3AE13CED228BDD1.udd" 678
"C:/Users/alademm/AppData/Local/UnrealEngine/Common/DerivedDataCache/3/1/1/TEXTURE_814DCC3DC72143F49509781513CB9855_G8_2724560E47458761F57BF69C5CDB15C3_0__402BC62FD4DF10145E05DA9EAED1BC78BFB94594.udd" 679
"C:/Users/alademm/AppData/Local/UnrealEngine/Common/DerivedDataCache/8/6/5/TEXTURE_814DCC3DC72143F49509781513CB9855_G8_829EF4D74EDD59EF7EC416A4C33EECB9_0__AFE9585D0CD374832D857C72CE92794858C41B7F.udd" 680
"C:/Users/alademm/AppData/Local/UnrealEngine/Common/DerivedDataCache/0/1/6/TEXTURE_814DCC3DC72143F49509781513CB9855_AUTODXT_64DBC09A426B5D0FD7BFC1AB2BE2E__9EBBF74E74688DA53AD33C65CC4AB41C021CF998.udd" 681
"C:/Users/alademm/AppData/Local/UnrealEngine/Common/DerivedDataCache/4/5/6/TEXTURE_814DCC3DC72143F49509781513CB9855_G8_829EF4D74EDD59EF7EC416A4C33EECB9_0__63465BA681D0EE2681AF58F9A27D4C7E6D48B01A.udd" 682
"C:/Users/alademm/AppData/Local/UnrealEngine/Common/DerivedDataCache/0/6/6/TEXTURE_814DCC3DC72143F49509781513CB9855_AUTODXT_720CB54F4EE787F59D1B5BB3C3932__AC0008F30C264628C56162E3B7F6D6573970FB13.udd" 683
"C:/Users/alademm/AppData/Local/UnrealEngine/Common/DerivedDataCache/9/0/1/TEXTURE_814DCC3DC72143F49509781513CB9855_G8_6C7F1D4D48D2AD7A6CD62983CC5B1AB0_0__2EB1A0BB0E3D514F7580A20A53E6AE1474E8AD7E.udd" 684
"C:/Users/alademm/AppData/Local/UnrealEngine/Common/DerivedDataCache/7/8/2/TEXTURE_814DCC3DC72143F49509781513CB9855_G8_6C7F1D4D48D2AD7A6CD62983CC5B1AB0_0__D50B9E1EF7769F3DABB5D22436ED33612BA4EC11.udd" 685
"C:/Users/alademm/AppData/Local/UnrealEngine/Common/DerivedDataCache/8/3/5/TEXTURE_814DCC3DC72143F49509781513CB9855_G8_6C7F1D4D48D2AD7A6CD62983CC5B1AB0_0__56A11864E4EE145B74AC5764910B3E312F4A7787.udd" 686
"C:/Users/alademm/AppData/Local/UnrealEngine/Common/DerivedDataCache/3/5/3/TEXTURE_814DCC3DC72143F49509781513CB9855_AUTODXT_631EB3064604438080B0D1828C457__640C0D401454862157B72A0F57711C8DEDD75327.udd" 687
"C:/Users/alademm/AppData/Local/UnrealEngine/Common/DerivedDataCache/9/0/5/TEXTURE_814DCC3DC72143F49509781513CB9855_AUTODXT_64DBC09A426B5D0FD7BFC1AB2BE2E__A05C1DB7CC455F3DEF145406D63BBE93E118ACF6.udd" 688
"C:/Users/alademm/AppData/Local/UnrealEngine/Common/DerivedDataCache/4/7/3/TEXTURE_814DCC3DC72143F49509781513CB9855_AUTODXT_720CB54F4EE787F59D1B5BB3C3932__C709AA475F4F903CA8F9B4ACC19C7A240FA80D94.udd" 689
"C:/Users/alademm/AppData/Local/UnrealEngine/Common/DerivedDataCache/1/1/8/TEXTURE_814DCC3DC72143F49509781513CB9855_AUTODXT_720CB54F4EE787F59D1B5BB3C3932__17E63B874AC6C572CFCAEE568A5799C57D3C01A1.udd" 690
"C:/Users/alademm/AppData/Local/UnrealEngine/Common/DerivedDataCache/3/1/9/TEXTURE_814DCC3DC72143F49509781513CB9855_AUTODXT_64DBC09A426B5D0FD7BFC1AB2BE2E__7D025A703B93555660088F27F2C30C7711001FE6.udd" 691
"C:/Users/alademm/AppData/Local/UnrealEngine/Common/DerivedDataCache/3/0/0/TEXTURE_814DCC3DC72143F49509781513CB9855_AUTODXT_64DBC09A426B5D0FD7BFC1AB2BE2E__74D2F3BC90D0966A64EACD630944934E26FD0F81.udd" 692
"C:/Users/alademm/AppData/Local/UnrealEngine/Common/DerivedDataCache/0/2/7/TEXTURE_814DCC3DC72143F49509781513CB9855_AUTODXT_64DBC09A426B5D0FD7BFC1AB2BE2E__01F5F1E53D5AAD0B933B2CF27B260ACBA40EA87A.udd" 693
"C:/Users/alademm/AppData/Local/UnrealEngine/Common/DerivedDataCache/2/0/9/TEXTURE_814DCC3DC72143F49509781513CB9855_AUTODXT_7D0FF9094FF1D55C0A4BFFB2270A5__A605EDB07B4C8D25B9B71C85526D0B97D8D928C5.udd" 694
"C:/Users/alademm/AppData/Local/UnrealEngine/Common/DerivedDataCache/6/7/1/TEXTURE_814DCC3DC72143F49509781513CB9855_AUTODXT_720CB54F4EE787F59D1B5BB3C3932__7B8C35B4F751B32E9307085B846F20DFE08EFDAE.udd" 695
"C:/Users/alademm/AppData/Local/UnrealEngine/Common/DerivedDataCache/5/3/7/TEXTURE_814DCC3DC72143F49509781513CB9855_AUTODXT_547A2DA04CD5003CCE4515895F286__8C0AE26DFB5ECDB78793701B39E3B2D07E885E11.udd" 696
"C:/Users/alademm/AppData/Local/UnrealEngine/Common/DerivedDataCache/6/1/6/TEXTURE_814DCC3DC72143F49509781513CB9855_AUTODXT_631EB3064604438080B0D1828C457__D72A18FEBF90EF28ABF3453C12C15A93C2DD42F1.udd" 697
"C:/Users/alademm/AppData/Local/UnrealEngine/Common/DerivedDataCache/6/5/5/TEXTURE_814DCC3DC72143F49509781513CB9855_AUTODXT_631EB3064604438080B0D1828C457__CF21FEEEFA26F1C2EED21C32BFE320619CB33AE8.udd" 698
"C:/Users/alademm/AppData/Local/UnrealEngine/Common/DerivedDataCache/4/8/1/TEXTURE_814DCC3DC72143F49509781513CB9855_AUTODXT_631EB3064604438080B0D1828C457__207C9EAA605C1A510B5F3D8DD6AAC7CB4EB3013C.udd" 699
"C:/Users/alademm/AppData/Local/UnrealEngine/Common/DerivedDataCache/3/1/5/TEXTURE_814DCC3DC72143F49509781513CB9855_AUTODXT_7D0FF9094FF1D55C0A4BFFB2270A5__B956DA2A9B483C24BDE719D2840309E8149F2D42.udd" 700
"C:/Users/alademm/AppData/Local/UnrealEngine/Common/DerivedDataCache/7/9/2/TEXTURE_814DCC3DC72143F49509781513CB9855_AUTODXT_0AD7D0F14BA24B3EE44FD5BA5B83A__62CE105D336BF9E754AEFD0A9DB432D27CBDF15A.udd" 701
"C:/Users/alademm/AppData/Local/UnrealEngine/Common/DerivedDataCache/8/2/1/TEXTURE_814DCC3DC72143F49509781513CB9855_AUTODXT_547A2DA04CD5003CCE4515895F286__57E284037B9D5BFD59F23AA6801793ECED937461.udd" 702
"C:/Users/alademm/AppData/Local/UnrealEngine/Common/DerivedDataCache/3/6/3/TEXTURE_814DCC3DC72143F49509781513CB9855_AUTODXT_7D0FF9094FF1D55C0A4BFFB2270A5__8B77957E8573EAA55EDFCB0C5BBAABD4C8922EF0.udd" 703
"C:/Users/alademm/AppData/Local/UnrealEngine/Common/DerivedDataCache/3/9/5/TEXTURE_814DCC3DC72143F49509781513CB9855_AUTODXT_547A2DA04CD5003CCE4515895F286__23D622DD6080F9BCD4776551F5954082DBB18A90.udd" 704
"C:/Users/alademm/AppData/Local/UnrealEngine/Common/DerivedDataCache/4/4/2/TEXTURE_814DCC3DC72143F49509781513CB9855_AUTODXT_7D0FF9094FF1D55C0A4BFFB2270A5__4407CAEF8A8E9E2128326ED923392F1CD8ECAC65.udd" 705
"C:/Users/alademm/AppData/Local/UnrealEngine/Common/DerivedDataCache/2/9/1/TEXTURE_814DCC3DC72143F49509781513CB9855_AUTODXT_547A2DA04CD5003CCE4515895F286__F9C6FB5A0E65B04D9EA734402D17C355958126BD.udd" 706
"../../../Engine/Content/EditorResources/EmptyActor.uasset" 707
"../../../Engine/Content/MobileResources/HUD/MobileHUDButton1_off.uasset" 708
"../../../../../../work/tgame/unreal-rpg-game/UnnamedRPG/Content/Mannequin/Character/Mesh/SK_Mannequin_PhysicsAsset.uasset" 709
"../../../Engine/Content/MobileResources/HUD/MobileHUDButton2_off.uasset" 710
"../../../Engine/Content/MobileResources/HUD/LeftVirtualJoystickOnly.uasset" 711
"../../../../../../work/tgame/unreal-rpg-game/UnnamedRPG/Saved/Stats/2015.12.06-21.37.31Stats.csv" 712
"..\..\..\Engine\Content\Internationalization\icudt53l\windowsZones.res" 713
"..\..\..\Engine\Content\Internationalization\icudt53l\zoneinfo64.res" 714
"..\..\..\Engine\Content\Internationalization\icudt53l\keyTypeData.res" 715
"..\..\..\Engine\Content\Internationalization\icudt53l\timezoneTypes.res" 716
"..\..\..\Engine\Content\Internationalization\icudt53l\supplementalData.res" 717
"..\..\..\Engine\Content\Internationalization\icudt53l\likelySubtags.res" 718
